17:18:07,318 [main] INFO  FileSystemXmlApplicationContext  - Refreshing org.springframework.context.support.FileSystemXmlApplicationContext@6a9dd62a: startup date [Thu Jan 15 17:18:07 CST 2015]; root of context hierarchy
17:18:07,388 [main] INFO  XmlBeanDefinitionReader  - Loading XML bean definitions from file [D:\Code\LTS\info\conf\info_server.xml]
17:18:07,732 [main] INFO  DefaultListableBeanFactory  - Pre-instantiating singletons in org.springframework.beans.factory.support.DefaultListableBeanFactory@393a037e: defining beans [org.springframework.context.annotation.internalConfigurationAnnotationProcessor,org.springframework.context.annotation.internalAutowiredAnnotationProcessor,org.springframework.context.annotation.internalRequiredAnnotationProcessor,org.springframework.context.annotation.internalCommonAnnotationProcessor,infoServer,alertManager,historicalInfoManager,marketInfoManager,systemInfo,systemInfoMD,scheduleManager,transportService,parseAlertSender,eventManager,transportServiceMD,eventManagerMD]; root of factory hierarchy
17:18:08,122 [main] INFO  InfoServer  - SystemInfo: Test:Info:I1:nio://localhost:61616
17:18:08,354 [main] INFO  BrokerService  - Using Persistence Adapter: MemoryPersistenceAdapter
17:18:08,354 [main] INFO  BrokerService  - ActiveMQ 5.5.0 JMS Message Broker (localhost) is starting
17:18:08,354 [main] INFO  BrokerService  - For help or more information please see: http://activemq.apache.org/
17:18:08,385 [JMX connector] WARN  ManagementContext  - Failed to start jmx connector: Cannot bind to URL [rmi://localhost:1099/jmxrmi]: javax.naming.NameAlreadyBoundException: jmxrmi [Root exception is java.rmi.AlreadyBoundException: jmxrmi]
17:18:08,436 [JMX connector] WARN  ManagementContext  - Failed to start jmx connector: Cannot bind to URL [rmi://localhost:1099/jmxrmi]: javax.naming.NameAlreadyBoundException: jmxrmi [Root exception is java.rmi.AlreadyBoundException: jmxrmi]
17:18:08,476 [main] INFO  TransportServerThreadSupport  - Listening for connections at: nio://127.0.0.1:61617
17:18:08,476 [main] INFO  TransportConnector  - Connector nio://localhost:61617 Started
17:18:08,476 [main] INFO  BrokerService  - ActiveMQ JMS Message Broker (localhost, ID:TEST13-PC-51025-1421313487832-1:1) started
17:18:08,746 [main] INFO  InfoServer  - SystemInfo: Test:EB:S1:nio://localhost:61616
17:18:08,806 [main] INFO  InfoServer  - Published my node info
17:18:08,806 [main] DEBUG InfoServer  - ScheduleManager initialized
17:18:08,806 [main] INFO  AlertManager  - Initialising...
17:18:08,806 [InfoServer] INFO  AsyncEventProcessor  - processAsyncTimerEvent added in method map
17:18:08,826 [InfoServer] DEBUG InfoServer  - NodeInfoEvent: TEST13-PC.I1-20150115-171808-122-0001
17:18:17,791 [AlertManager] DEBUG AlertManager  - Quote: S1-20150115-165616-312-1675 - KRWCAD : [1.0E8@0.001093,1.0E8@0.0011143][][]
17:18:17,791 [MarketInfoManager] INFO  MarketInfoManager  - Quote: S1-20150115-165616-312-1675 - KRWCAD : [1.0E8@0.001093,1.0E8@0.0011143][][]
17:18:17,848 [AlertManager] DEBUG AlertManager  - Quote: S1-20150115-165615-740-0245 - EURJPY : [1.0169E7@138.285,8000000.0@138.295][][]
17:18:17,848 [MarketInfoManager] INFO  MarketInfoManager  - Quote: S1-20150115-165615-740-0245 - EURJPY : [1.0169E7@138.285,8000000.0@138.295][][]
17:18:17,865 [ActiveMQ Session Task-1] DEBUG AsyncEventManager  - Event Stats: 
{class com.cyanspring.common.event.marketdata.QuoteEvent=10}
17:18:17,869 [AlertManager] DEBUG AlertManager  - Quote: S1-20150115-165615-778-2133 - CHFNOK : [950000.0@7.5025,2000000.0@7.5071][][]
17:18:17,869 [AlertManager] DEBUG AlertManager  - Quote: S1-20150115-165615-746-1884 - HKDJPY : [4.095E7@15.165,4.995E7@15.17][][]
17:18:17,869 [AlertManager] DEBUG AlertManager  - Quote: S1-20150115-165615-686-1614 - GBPDKK : [950000.0@9.6225,1000000.0@9.6229][][]
17:18:17,869 [MarketInfoManager] INFO  MarketInfoManager  - Quote: S1-20150115-165615-778-2133 - CHFNOK : [950000.0@7.5025,2000000.0@7.5071][][]
17:18:17,869 [MarketInfoManager] INFO  MarketInfoManager  - Quote: S1-20150115-165615-746-1884 - HKDJPY : [4.095E7@15.165,4.995E7@15.17][][]
17:18:17,870 [MarketInfoManager] INFO  MarketInfoManager  - Quote: S1-20150115-165615-686-1614 - GBPDKK : [950000.0@9.6225,1000000.0@9.6229][][]
17:18:17,890 [AlertManager] DEBUG AlertManager  - Quote: S1-20150115-165616-312-1680 - KRWEUR : [1.0E8@7.837E-4,1.0E8@7.868E-4][][]
17:18:17,890 [MarketInfoManager] INFO  MarketInfoManager  - Quote: S1-20150115-165616-312-1680 - KRWEUR : [1.0E8@7.837E-4,1.0E8@7.868E-4][][]
17:18:17,897 [AlertManager] DEBUG AlertManager  - Quote: S1-20150115-165615-739-1087 - EURILS : [1000000.0@4.58415,950000.0@4.5855][][]
17:18:17,898 [MarketInfoManager] INFO  MarketInfoManager  - Quote: S1-20150115-165615-739-1087 - EURILS : [1000000.0@4.58415,950000.0@4.5855][][]
17:18:17,903 [AlertManager] DEBUG AlertManager  - Quote: S1-20150115-165616-082-0859 - CADHKD : [4000000.0@6.4877,1000000.0@6.4883][][]
17:18:17,903 [MarketInfoManager] INFO  MarketInfoManager  - Quote: S1-20150115-165616-082-0859 - CADHKD : [4000000.0@6.4877,1000000.0@6.4883][][]
17:18:17,960 [AlertManager] DEBUG AlertManager  - Quote: S1-20150115-165615-686-1613 - GBPCNH : [1000000.0@9.4162,1000000.0@9.4172][][]
17:18:17,961 [MarketInfoManager] INFO  MarketInfoManager  - Quote: S1-20150115-165615-686-1613 - GBPCNH : [1000000.0@9.4162,1000000.0@9.4172][][]
17:18:17,969 [AlertManager] DEBUG AlertManager  - Quote: S1-20150115-165616-312-1676 - KRWUSD : [2.0E8@9.217E-4,2.0E8@9.253E-4][][]
17:18:17,970 [MarketInfoManager] INFO  MarketInfoManager  - Quote: S1-20150115-165616-312-1676 - KRWUSD : [2.0E8@9.217E-4,2.0E8@9.253E-4][][]
17:18:17,984 [AlertManager] DEBUG AlertManager  - Quote: S1-20150115-165616-312-1678 - KRWHKD : [1.0E8@0.0070925,1.0E8@0.0072285][][]
17:18:18,006 [MarketInfoManager] INFO  MarketInfoManager  - Quote: S1-20150115-165616-312-1678 - KRWHKD : [1.0E8@0.0070925,1.0E8@0.0072285][][]
17:18:18,006 [MarketInfoManager] INFO  MarketInfoManager  - Quote: S1-20150115-165615-676-0041 - AUDCNH : [3000000.0@5.0935,1000000.0@5.09405][][]
17:18:18,006 [MarketInfoManager] INFO  MarketInfoManager  - Quote: S1-20150115-165616-082-0857 - CADCHF : [8000000.0@0.85445,1.1E7@0.8546][][]
17:18:18,007 [MarketInfoManager] INFO  MarketInfoManager  - Quote: S1-20150115-165615-676-0043 - AUDJPY : [5245000.0@96.77,4245000.0@96.78][][]
17:18:18,007 [AlertManager] DEBUG AlertManager  - Quote: S1-20150115-165615-676-0041 - AUDCNH : [3000000.0@5.0935,1000000.0@5.09405][][]
17:18:18,007 [AlertManager] DEBUG AlertManager  - Quote: S1-20150115-165616-082-0857 - CADCHF : [8000000.0@0.85445,1.1E7@0.8546][][]
17:18:18,007 [AlertManager] DEBUG AlertManager  - Quote: S1-20150115-165615-676-0043 - AUDJPY : [5245000.0@96.77,4245000.0@96.78][][]
17:18:18,027 [AlertManager] DEBUG AlertManager  - Quote: S1-20150115-165615-798-0080 - USDMXN : [1700000.0@14.5029,3200000.0@14.5047][][]
17:18:18,028 [AlertManager] DEBUG AlertManager  - Quote: S1-20150115-165615-742-0126 - EURNZD : [950000.0@1.5191,3169000.0@1.51935][][]
17:18:18,028 [AlertManager] DEBUG AlertManager  - Quote: S1-20150115-165615-778-2134 - CHFSEK : [950000.0@7.916,2000000.0@7.9174][][]
17:18:18,028 [AlertManager] DEBUG AlertManager  - Quote: S1-20150115-165615-686-1615 - GBPHKD : [950000.0@11.7965,1000000.0@11.7966][][]
17:18:18,028 [AlertManager] DEBUG AlertManager  - Quote: S1-20150115-165616-092-1778 - EURHUF : [1000000.0@318.86,2000000.0@318.945][][]
17:18:18,032 [AlertManager] DEBUG AlertManager  - Quote: S1-20150115-165615-716-2176 - EURAUD : [8169000.0@1.4289,3169000.0@1.42905][][]
17:18:18,032 [AlertManager] DEBUG AlertManager  - Quote: S1-20150115-165615-686-1618 - GBPNOK : [1000000.0@11.6578,1000000.0@11.6606][][]
17:18:18,032 [MarketInfoManager] INFO  MarketInfoManager  - Quote: S1-20150115-165615-798-0080 - USDMXN : [1700000.0@14.5029,3200000.0@14.5047][][]
17:18:18,033 [MarketInfoManager] INFO  MarketInfoManager  - Quote: S1-20150115-165615-742-0126 - EURNZD : [950000.0@1.5191,3169000.0@1.51935][][]
17:18:18,033 [MarketInfoManager] INFO  MarketInfoManager  - Quote: S1-20150115-165615-778-2134 - CHFSEK : [950000.0@7.916,2000000.0@7.9174][][]
17:18:18,033 [MarketInfoManager] INFO  MarketInfoManager  - Quote: S1-20150115-165615-686-1615 - GBPHKD : [950000.0@11.7965,1000000.0@11.7966][][]
17:18:18,033 [MarketInfoManager] INFO  MarketInfoManager  - Quote: S1-20150115-165616-092-1778 - EURHUF : [1000000.0@318.86,2000000.0@318.945][][]
17:18:18,033 [MarketInfoManager] INFO  MarketInfoManager  - Quote: S1-20150115-165615-716-2176 - EURAUD : [8169000.0@1.4289,3169000.0@1.42905][][]
17:18:18,033 [MarketInfoManager] INFO  MarketInfoManager  - Quote: S1-20150115-165615-686-1618 - GBPNOK : [1000000.0@11.6578,1000000.0@11.6606][][]
17:18:18,041 [AlertManager] DEBUG AlertManager  - Quote: S1-20150115-165615-686-1610 - GBPAUD : [3000000.0@1.84855,3131000.0@1.84875][][]
17:18:18,041 [MarketInfoManager] INFO  MarketInfoManager  - Quote: S1-20150115-165615-686-1610 - GBPAUD : [3000000.0@1.84855,3131000.0@1.84875][][]
17:18:18,044 [AlertManager] DEBUG AlertManager  - Quote: S1-20150115-165615-758-1617 - NOKSEK : [950000.0@1.0546,5950000.0@1.0553][][]
17:18:18,044 [MarketInfoManager] INFO  MarketInfoManager  - Quote: S1-20150115-165615-758-1617 - NOKSEK : [950000.0@1.0546,5950000.0@1.0553][][]
17:18:18,056 [AlertManager] DEBUG AlertManager  - Quote: S1-20150115-165615-798-0082 - USDSEK : [1000000.0@8.0852,2000000.0@8.0861][][]
17:18:18,065 [MarketInfoManager] INFO  MarketInfoManager  - Quote: S1-20150115-165615-798-0082 - USDSEK : [1000000.0@8.0852,2000000.0@8.0861][][]
17:18:18,065 [MarketInfoManager] INFO  MarketInfoManager  - Quote: S1-20150115-165615-716-2175 - DKKSEK : [1950000.0@1.27815,5950000.0@1.27835][][]
17:18:18,065 [MarketInfoManager] INFO  MarketInfoManager  - Quote: S1-20150115-165615-716-2177 - EURCAD : [1000000.0@1.40535,1000000.0@1.40545][][]
17:18:18,066 [AlertManager] DEBUG AlertManager  - Quote: S1-20150115-165615-716-2175 - DKKSEK : [1950000.0@1.27815,5950000.0@1.27835][][]
17:18:18,066 [AlertManager] DEBUG AlertManager  - Quote: S1-20150115-165615-716-2177 - EURCAD : [1000000.0@1.40535,1000000.0@1.40545][][]
17:18:18,066 [AlertManager] DEBUG AlertManager  - Quote: S1-20150115-165615-778-2132 - CHFDKK : [1000000.0@6.1932,1000000.0@6.19355][][]
17:18:18,066 [MarketInfoManager] INFO  MarketInfoManager  - Quote: S1-20150115-165615-778-2132 - CHFDKK : [1000000.0@6.1932,1000000.0@6.19355][][]
17:18:18,075 [AlertManager] DEBUG AlertManager  - Quote: S1-20150115-165615-686-1616 - GBPJPY : [4320000.0@178.895,3131000.0@178.915][][]
17:18:18,075 [AlertManager] DEBUG AlertManager  - Quote: S1-20150115-165615-788-1287 - USDHKD : [1500000.0@7.7543,1950000.0@7.75435][][]
17:18:18,075 [MarketInfoManager] INFO  MarketInfoManager  - Quote: S1-20150115-165615-686-1616 - GBPJPY : [4320000.0@178.895,3131000.0@178.915][][]
17:18:18,075 [MarketInfoManager] INFO  MarketInfoManager  - Quote: S1-20150115-165615-788-1287 - USDHKD : [1500000.0@7.7543,1950000.0@7.75435][][]
17:18:18,075 [MarketInfoManager] INFO  MarketInfoManager  - Quote: S1-20150115-165615-745-0433 - EURSGD : [950000.0@1.56475,3000000.0@1.5649][][]
17:18:18,075 [AlertManager] DEBUG AlertManager  - Quote: S1-20150115-165615-745-0433 - EURSGD : [950000.0@1.56475,3000000.0@1.5649][][]
17:18:18,081 [AlertManager] DEBUG AlertManager  - Quote: S1-20150115-165615-758-1612 - MXNJPY : [1.0E7@8.107,1.0E7@8.11][][]
17:18:18,082 [MarketInfoManager] INFO  MarketInfoManager  - Quote: S1-20150115-165615-758-1612 - MXNJPY : [1.0E7@8.107,1.0E7@8.11][][]
17:18:18,082 [AlertManager] DEBUG AlertManager  - Quote: S1-20150115-165615-716-2174 - DKKNOK : [950000.0@1.2114,3000000.0@1.21205][][]
17:18:18,082 [MarketInfoManager] INFO  MarketInfoManager  - Quote: S1-20150115-165615-716-2174 - DKKNOK : [950000.0@1.2114,3000000.0@1.21205][][]
17:18:18,085 [AlertManager] DEBUG AlertManager  - Quote: S1-20150115-165615-758-1614 - NZDJPY : [4259000.0@91.02,1000000.0@91.035][][]
17:18:18,085 [MarketInfoManager] INFO  MarketInfoManager  - Quote: S1-20150115-165615-758-1614 - NZDJPY : [4259000.0@91.02,1000000.0@91.035][][]
17:18:18,088 [AlertManager] DEBUG AlertManager  - Quote: S1-20150115-165616-312-1682 - XAGUSD : [35000.0@16.769,25000.0@16.7815][][]
17:18:18,088 [MarketInfoManager] INFO  MarketInfoManager  - Quote: S1-20150115-165616-312-1682 - XAGUSD : [35000.0@16.769,25000.0@16.7815][][]
17:18:18,091 [AlertManager] DEBUG AlertManager  - Quote: S1-20150115-165615-676-0040 - AUDCHF : [3000000.0@0.8404,7000000.0@0.8405][][]
17:18:18,091 [MarketInfoManager] INFO  MarketInfoManager  - Quote: S1-20150115-165615-676-0040 - AUDCHF : [3000000.0@0.8404,7000000.0@0.8405][][]
17:18:18,094 [AlertManager] DEBUG AlertManager  - Quote: S1-20150115-165615-745-0434 - EURUSD : [7500000.0@1.1759,1.9589E7@1.17595][][]
17:18:18,095 [MarketInfoManager] INFO  MarketInfoManager  - Quote: S1-20150115-165615-745-0434 - EURUSD : [7500000.0@1.1759,1.9589E7@1.17595][][]
17:18:18,098 [AlertManager] DEBUG AlertManager  - Quote: S1-20150115-165615-778-2136 - USDCHF : [1.77E7@1.02125,6400000.0@1.02135][][]
17:18:18,098 [MarketInfoManager] INFO  MarketInfoManager  - Quote: S1-20150115-165615-778-2136 - USDCHF : [1.77E7@1.02125,6400000.0@1.02135][][]
17:18:18,101 [AlertManager] DEBUG AlertManager  - Quote: S1-20150115-165615-788-1286 - USDCZK : [4950000.0@23.906,3000000.0@23.932][][]
17:18:18,101 [MarketInfoManager] INFO  MarketInfoManager  - Quote: S1-20150115-165615-788-1286 - USDCZK : [4950000.0@23.906,3000000.0@23.932][][]
17:18:18,103 [AlertManager] DEBUG AlertManager  - Quote: S1-20150115-165615-768-0977 - SEKJPY : [5000000.0@14.5441,1950000.0@14.547][][]
17:18:18,103 [MarketInfoManager] INFO  MarketInfoManager  - Quote: S1-20150115-165615-768-0977 - SEKJPY : [5000000.0@14.5441,1950000.0@14.547][][]
17:18:18,103 [AlertManager] DEBUG AlertManager  - Quote: S1-20150115-165615-798-0078 - USDJPY : [1.1E7@117.6,1.15E7@117.605][][]
17:18:18,103 [MarketInfoManager] INFO  MarketInfoManager  - Quote: S1-20150115-165615-798-0078 - USDJPY : [1.1E7@117.6,1.15E7@117.605][][]
17:18:18,103 [AlertManager] DEBUG AlertManager  - Quote: S1-20150115-165615-716-2173 - DKKJPY : [5000000.0@18.5917,5000000.0@18.5928][][]
17:18:18,103 [MarketInfoManager] INFO  MarketInfoManager  - Quote: S1-20150115-165615-716-2173 - DKKJPY : [5000000.0@18.5917,5000000.0@18.5928][][]
17:18:18,113 [AlertManager] DEBUG AlertManager  - Quote: S1-20150115-165615-676-0046 - AUDUSD : [1.5845E7@0.82285,1.4488E7@0.82295][][]
17:18:18,113 [MarketInfoManager] INFO  MarketInfoManager  - Quote: S1-20150115-165615-676-0046 - AUDUSD : [1.5845E7@0.82285,1.4488E7@0.82295][][]
17:18:18,123 [AlertManager] DEBUG AlertManager  - Quote: S1-20150115-165615-798-0077 - USDILS : [2000000.0@3.89835,950000.0@3.8995][][]
17:18:18,123 [AlertManager] DEBUG AlertManager  - Quote: S1-20150115-165615-788-1285 - USDCNH : [5000000.0@6.1899,1000000.0@6.1902][][]
17:18:18,123 [AlertManager] DEBUG AlertManager  - Quote: S1-20150115-165615-758-1613 - NZDCHF : [5259000.0@0.79045,1950000.0@0.7906][][]
17:18:18,123 [MarketInfoManager] INFO  MarketInfoManager  - Quote: S1-20150115-165615-798-0077 - USDILS : [2000000.0@3.89835,950000.0@3.8995][][]
17:18:18,123 [MarketInfoManager] INFO  MarketInfoManager  - Quote: S1-20150115-165615-788-1285 - USDCNH : [5000000.0@6.1899,1000000.0@6.1902][][]
17:18:18,123 [MarketInfoManager] INFO  MarketInfoManager  - Quote: S1-20150115-165615-758-1613 - NZDCHF : [5259000.0@0.79045,1950000.0@0.7906][][]
17:18:18,133 [AlertManager] DEBUG AlertManager  - Quote: S1-20150115-165615-686-1611 - GBPCAD : [4000000.0@1.81805,1000000.0@1.81825][][]
17:18:18,133 [AlertManager] DEBUG AlertManager  - Quote: S1-20150115-165615-686-1619 - GBPNZD : [950000.0@1.9652,1131000.0@1.96545][][]
17:18:18,133 [AlertManager] DEBUG AlertManager  - Quote: S1-20150115-165616-312-1674 - KRWAUD : [1.0E8@0.0011112,1.0E8@0.001133][][]
17:18:18,133 [MarketInfoManager] INFO  MarketInfoManager  - Quote: S1-20150115-165615-686-1611 - GBPCAD : [4000000.0@1.81805,1000000.0@1.81825][][]
17:18:18,133 [MarketInfoManager] INFO  MarketInfoManager  - Quote: S1-20150115-165615-686-1619 - GBPNZD : [950000.0@1.9652,1131000.0@1.96545][][]
17:18:18,133 [MarketInfoManager] INFO  MarketInfoManager  - Quote: S1-20150115-165616-312-1674 - KRWAUD : [1.0E8@0.0011112,1.0E8@0.001133][][]
17:18:18,133 [AlertManager] DEBUG AlertManager  - Quote: S1-20150115-165615-768-0979 - CHFJPY : [2203000.0@115.145,3203000.0@115.155][][]
17:18:18,133 [MarketInfoManager] INFO  MarketInfoManager  - Quote: S1-20150115-165615-768-0979 - CHFJPY : [2203000.0@115.145,3203000.0@115.155][][]
17:18:18,133 [AlertManager] DEBUG AlertManager  - Quote: S1-20150115-165615-716-2182 - EURGBP : [6000000.0@0.77295,6669000.0@0.773][][]
17:18:18,133 [MarketInfoManager] INFO  MarketInfoManager  - Quote: S1-20150115-165615-716-2182 - EURGBP : [6000000.0@0.77295,6669000.0@0.773][][]
17:18:18,153 [AlertManager] DEBUG AlertManager  - Quote: S1-20150115-165615-768-0976 - SGDJPY : [6000000.0@88.37,1000000.0@88.38][][]
17:18:18,153 [AlertManager] DEBUG AlertManager  - Quote: S1-20150115-165615-716-2180 - EURCZK : [6000000.0@28.114,2000000.0@28.135][][]
17:18:18,153 [AlertManager] DEBUG AlertManager  - Quote: S1-20150115-165615-758-1618 - SGDCNH : [1000000.0@4.6514,2000000.0@4.652][][]
17:18:18,153 [AlertManager] DEBUG AlertManager  - Quote: S1-20150115-165615-758-1615 - NZDUSD : [8517000.0@0.77395,4517000.0@0.7741][][]
17:18:18,153 [AlertManager] DEBUG AlertManager  - Quote: S1-20150115-165616-312-1679 - KRWCHF : [1.0E8@9.34E-4,1.0E8@9.523E-4][][]
17:18:18,153 [MarketInfoManager] INFO  MarketInfoManager  - Quote: S1-20150115-165615-768-0976 - SGDJPY : [6000000.0@88.37,1000000.0@88.38][][]
17:18:18,153 [MarketInfoManager] INFO  MarketInfoManager  - Quote: S1-20150115-165615-716-2180 - EURCZK : [6000000.0@28.114,2000000.0@28.135][][]
17:18:18,153 [MarketInfoManager] INFO  MarketInfoManager  - Quote: S1-20150115-165615-758-1618 - SGDCNH : [1000000.0@4.6514,2000000.0@4.652][][]
17:18:18,153 [MarketInfoManager] INFO  MarketInfoManager  - Quote: S1-20150115-165615-758-1615 - NZDUSD : [8517000.0@0.77395,4517000.0@0.7741][][]
17:18:18,153 [MarketInfoManager] INFO  MarketInfoManager  - Quote: S1-20150115-165616-312-1679 - KRWCHF : [1.0E8@9.34E-4,1.0E8@9.523E-4][][]
17:18:18,153 [MarketInfoManager] INFO  MarketInfoManager  - Quote: S1-20150115-165615-616-0156 - AUDCAD : [1000000.0@0.9835,2000000.0@0.98355][][]
17:18:18,153 [AlertManager] DEBUG AlertManager  - Quote: S1-20150115-165615-616-0156 - AUDCAD : [1000000.0@0.9835,2000000.0@0.98355][][]
17:18:18,163 [AlertManager] DEBUG AlertManager  - Quote: S1-20150115-165615-758-1616 - NOKJPY : [5000000.0@15.3394,950000.0@15.3485][][]
17:18:18,163 [MarketInfoManager] INFO  MarketInfoManager  - Quote: S1-20150115-165615-758-1616 - NOKJPY : [5000000.0@15.3394,950000.0@15.3485][][]
17:18:18,163 [AlertManager] DEBUG AlertManager  - Quote: S1-20150115-165615-676-0044 - AUDNZD : [5245000.0@1.063,1000000.0@1.0632][][]
17:18:18,163 [MarketInfoManager] INFO  MarketInfoManager  - Quote: S1-20150115-165615-676-0044 - AUDNZD : [5245000.0@1.063,1000000.0@1.0632][][]
17:18:18,163 [AlertManager] DEBUG AlertManager  - Quote: S1-20150115-165615-716-2179 - EURCNH : [1000000.0@7.2786,1000000.0@7.2791][][]
17:18:18,163 [MarketInfoManager] INFO  MarketInfoManager  - Quote: S1-20150115-165615-716-2179 - EURCNH : [1000000.0@7.2786,1000000.0@7.2791][][]
17:18:18,173 [AlertManager] DEBUG AlertManager  - Quote: S1-20150115-165615-716-2172 - CNHJPY : [1.6E7@18.9979,5000000.0@18.9991][][]
17:18:18,173 [MarketInfoManager] INFO  MarketInfoManager  - Quote: S1-20150115-165615-716-2172 - CNHJPY : [1.6E7@18.9979,5000000.0@18.9991][][]
17:18:18,173 [AlertManager] DEBUG AlertManager  - Quote: S1-20150115-165616-082-0861 - CNHHKD : [1.0E7@1.2527,4.5E7@1.2528][][]
17:18:18,173 [MarketInfoManager] INFO  MarketInfoManager  - Quote: S1-20150115-165616-082-0861 - CNHHKD : [1.0E7@1.2527,4.5E7@1.2528][][]
17:18:18,173 [AlertManager] DEBUG AlertManager  - Quote: S1-20150115-165616-082-0860 - CADCNH : [6000000.0@5.1788,2000000.0@5.17945][][]
17:18:18,173 [MarketInfoManager] INFO  MarketInfoManager  - Quote: S1-20150115-165616-082-0860 - CADCNH : [6000000.0@5.1788,2000000.0@5.17945][][]
17:18:18,210 [AlertManager] DEBUG AlertManager  - Quote: S1-20150115-165616-312-1677 - KRWJPY : [1.0E8@0.1075569,1.0E8@0.1096378][][]
17:18:18,211 [AlertManager] DEBUG AlertManager  - Quote: S1-20150115-165615-686-1617 - GBPSEK : [950000.0@12.2995,2000000.0@12.30175][][]
17:18:18,211 [AlertManager] DEBUG AlertManager  - Quote: S1-20150115-165615-798-0081 - USDRUB : [1000000.0@65.2506,1000000.0@65.3744][][]
17:18:18,211 [MarketInfoManager] INFO  MarketInfoManager  - Quote: S1-20150115-165616-312-1677 - KRWJPY : [1.0E8@0.1075569,1.0E8@0.1096378][][]
17:18:18,211 [MarketInfoManager] INFO  MarketInfoManager  - Quote: S1-20150115-165615-686-1617 - GBPSEK : [950000.0@12.2995,2000000.0@12.30175][][]
17:18:18,211 [MarketInfoManager] INFO  MarketInfoManager  - Quote: S1-20150115-165615-798-0081 - USDRUB : [1000000.0@65.2506,1000000.0@65.3744][][]
17:18:18,212 [AlertManager] DEBUG AlertManager  - Quote: S1-20150115-165615-741-1123 - EURMXN : [500000.0@17.0522,500000.0@17.0562][][]
17:18:18,213 [MarketInfoManager] INFO  MarketInfoManager  - Quote: S1-20150115-165615-741-1123 - EURMXN : [500000.0@17.0522,500000.0@17.0562][][]
17:18:18,217 [AlertManager] DEBUG AlertManager  - Quote: S1-20150115-165615-686-1612 - GBPCHF : [2000000.0@1.5536,7000000.0@1.5538][][]
17:18:18,217 [MarketInfoManager] INFO  MarketInfoManager  - Quote: S1-20150115-165615-686-1612 - GBPCHF : [2000000.0@1.5536,7000000.0@1.5538][][]
17:18:18,218 [AlertManager] DEBUG AlertManager  - Quote: S1-20150115-165615-741-1124 - EURNOK : [1420000.0@9.01,1000000.0@9.015][][]
17:18:18,219 [MarketInfoManager] INFO  MarketInfoManager  - Quote: S1-20150115-165615-741-1124 - EURNOK : [1420000.0@9.01,1000000.0@9.015][][]
17:18:18,222 [AlertManager] DEBUG AlertManager  - Quote: S1-20150115-165615-716-2178 - EURCHF : [2169000.0@1.20095,7169000.0@1.201][][]
17:18:18,222 [MarketInfoManager] INFO  MarketInfoManager  - Quote: S1-20150115-165615-716-2178 - EURCHF : [2169000.0@1.20095,7169000.0@1.201][][]
17:18:18,225 [AlertManager] DEBUG AlertManager  - Quote: S1-20150115-165615-686-1620 - GBPUSD : [9262000.0@1.5212,6201000.0@1.5213][][]
17:18:18,225 [MarketInfoManager] INFO  MarketInfoManager  - Quote: S1-20150115-165615-686-1620 - GBPUSD : [9262000.0@1.5212,6201000.0@1.5213][][]
17:18:18,225 [AlertManager] DEBUG AlertManager  - Quote: S1-20150115-165616-312-1681 - XAUUSD : [1000.0@1228.33,2000.0@1228.49][][]
17:18:18,225 [MarketInfoManager] INFO  MarketInfoManager  - Quote: S1-20150115-165616-312-1681 - XAUUSD : [1000.0@1228.33,2000.0@1228.49][][]
17:18:18,225 [AlertManager] DEBUG AlertManager  - Quote: S1-20150115-165616-082-0858 - CADJPY : [1.059E7@98.39,6000000.0@98.405][][]
17:18:18,225 [MarketInfoManager] INFO  MarketInfoManager  - Quote: S1-20150115-165616-082-0858 - CADJPY : [1.059E7@98.39,6000000.0@98.405][][]
17:18:18,225 [AlertManager] DEBUG AlertManager  - Quote: S1-20150115-165615-742-0127 - EURRUB : [1000000.0@76.7537,1000000.0@76.8418][][]
17:18:18,225 [MarketInfoManager] INFO  MarketInfoManager  - Quote: S1-20150115-165615-742-0127 - EURRUB : [1000000.0@76.7537,1000000.0@76.8418][][]
17:18:18,235 [AlertManager] DEBUG AlertManager  - Quote: S1-20150115-165615-676-0045 - AUDSGD : [2195000.0@1.095,1000000.0@1.0951][][]
17:18:18,235 [MarketInfoManager] INFO  MarketInfoManager  - Quote: S1-20150115-165615-676-0045 - AUDSGD : [2195000.0@1.095,1000000.0@1.0951][][]
17:18:18,235 [AlertManager] DEBUG AlertManager  - Quote: S1-20150115-165615-798-0079 - USDNOK : [1500000.0@7.66305,2500000.0@7.6676][][]
17:18:18,235 [MarketInfoManager] INFO  MarketInfoManager  - Quote: S1-20150115-165615-798-0079 - USDNOK : [1500000.0@7.66305,2500000.0@7.6676][][]
17:18:18,245 [AlertManager] DEBUG AlertManager  - Quote: S1-20150115-165615-778-2135 - USDCAD : [2400000.0@1.19505,4500000.0@1.1951][][]
17:18:18,245 [AlertManager] DEBUG AlertManager  - Quote: S1-20150115-165615-798-0083 - USDSGD : [2000000.0@1.33065,3400000.0@1.33075][][]
17:18:18,245 [AlertManager] DEBUG AlertManager  - Quote: S1-20150115-165615-716-2181 - EURDKK : [1000000.0@7.438,5000000.0@7.4381][][]
17:18:18,245 [MarketInfoManager] INFO  MarketInfoManager  - Quote: S1-20150115-165615-778-2135 - USDCAD : [2400000.0@1.19505,4500000.0@1.1951][][]
17:18:18,245 [MarketInfoManager] INFO  MarketInfoManager  - Quote: S1-20150115-165615-798-0083 - USDSGD : [2000000.0@1.33065,3400000.0@1.33075][][]
17:18:18,245 [MarketInfoManager] INFO  MarketInfoManager  - Quote: S1-20150115-165615-716-2181 - EURDKK : [1000000.0@7.438,5000000.0@7.4381][][]
17:18:18,245 [AlertManager] DEBUG AlertManager  - Quote: S1-20150115-165615-768-0978 - CHFCNH : [2000000.0@6.0605,1000000.0@6.0612][][]
17:18:18,245 [MarketInfoManager] INFO  MarketInfoManager  - Quote: S1-20150115-165615-768-0978 - CHFCNH : [2000000.0@6.0605,1000000.0@6.0612][][]
17:18:18,255 [AlertManager] DEBUG AlertManager  - Quote: S1-20150115-165615-743-1716 - EURSEK : [1000000.0@9.5069,1000000.0@9.5084][][]
17:18:18,255 [MarketInfoManager] INFO  MarketInfoManager  - Quote: S1-20150115-165615-743-1716 - EURSEK : [1000000.0@9.5069,1000000.0@9.5084][][]
17:18:18,265 [AlertManager] DEBUG AlertManager  - Quote: S1-20150115-165615-676-0042 - AUDHKD : [1000000.0@6.3809,6000000.0@6.3813][][]
17:18:18,265 [AlertManager] DEBUG AlertManager  - Quote: S1-20150115-165616-312-1673 - KRWGBP : [1.0E8@6.012E-4,1.0E8@6.128E-4][][]
17:18:18,265 [AlertManager] DEBUG AlertManager  - Quote: S1-20150115-165615-716-2183 - EURHKD : [1000000.0@9.1183,3000000.0@9.1185][][]
17:18:18,265 [AlertManager] DEBUG AlertManager  - Quote: S1-20150115-165615-798-0076 - USDHUF : [1000000.0@271.15,950000.0@271.22][][]
17:18:18,265 [MarketInfoManager] INFO  MarketInfoManager  - Quote: S1-20150115-165615-676-0042 - AUDHKD : [1000000.0@6.3809,6000000.0@6.3813][][]
17:18:18,275 [MarketInfoManager] INFO  MarketInfoManager  - Quote: S1-20150115-165616-312-1673 - KRWGBP : [1.0E8@6.012E-4,1.0E8@6.128E-4][][]
17:18:18,275 [MarketInfoManager] INFO  MarketInfoManager  - Quote: S1-20150115-165615-716-2183 - EURHKD : [1000000.0@9.1183,3000000.0@9.1185][][]
17:18:18,275 [MarketInfoManager] INFO  MarketInfoManager  - Quote: S1-20150115-165615-798-0076 - USDHUF : [1000000.0@271.15,950000.0@271.22][][]
