18:50:27,323 [main] INFO  FileSystemXmlApplicationContext  - Refreshing org.springframework.context.support.FileSystemXmlApplicationContext@3ff2cea2: startup date [Thu Nov 13 18:50:27 CST 2014]; root of context hierarchy
18:50:27,466 [main] INFO  XmlBeanDefinitionReader  - Loading XML bean definitions from file [C:\projects\algo\server\conf\server_hyper.xml]
18:50:27,746 [main] INFO  XmlBeanDefinitionReader  - Loading XML bean definitions from file [C:\projects\algo\server\conf\business.xml]
18:50:27,849 [main] INFO  XmlBeanDefinitionReader  - Loading XML bean definitions from file [C:\projects\algo\server\conf\strategy.xml]
18:50:27,933 [main] INFO  XmlBeanDefinitionReader  - Loading XML bean definitions from file [C:\projects\algo\server\conf\built-in.xml]
18:50:27,990 [main] INFO  XmlBeanDefinitionReader  - Loading XML bean definitions from URL [file:/C:/projects/algo/common/target/classes/conf/common.xml]
18:50:28,048 [main] INFO  XmlBeanDefinitionReader  - Loading XML bean definitions from file [C:\projects\algo\server\conf\MarketSession.xml]
18:50:28,109 [main] INFO  XmlBeanDefinitionReader  - Loading XML bean definitions from file [C:\projects\algo\server\conf\persistence.xml]
18:50:28,707 [main] INFO  DefaultListableBeanFactory  - Pre-instantiating singletons in org.springframework.beans.factory.support.DefaultListableBeanFactory@7bafb0c7: defining beans [org.springframework.context.annotation.internalConfigurationAnnotationProcessor,org.springframework.context.annotation.internalAutowiredAnnotationProcessor,org.springframework.context.annotation.internalRequiredAnnotationProcessor,org.springframework.context.annotation.internalCommonAnnotationProcessor,parentOrderValidator,orderFieldValidator,strategyOrderValidator,parentOrderPreCheck,creditValidator,fixToOrderMap,fixParentOrderConverter,fixDataConverter,utcTimeOnlyConverter,parentOrderDefaultValueFiller,defaultStartEndTime,org.springframework.beans.factory.config.MethodInvokingFactoryBean#0,strategyFactory,globalStrategySettings,singleOrderCommonDisplayFields,singleInstrumentCommonDisplayFields,multiInstrumentCommonDisplayFields,multiInstrumentCommonInstrumentDisplayFields,singleOrderCommonFieldDefs,singleInstrumentCommonFieldDefs,multiInstrumentCommonFieldDefs,multiInstrumentCommonInstrumentFieldDefs,org.springframework.beans.factory.config.MethodInvokingFactoryBean#1,org.springframework.beans.factory.config.MethodInvokingFactoryBean#2,org.springframework.beans.factory.config.MethodInvokingFactoryBean#3,org.springframework.beans.factory.config.MethodInvokingFactoryBean#4,defaultExecutionAnalyzer,defaultExecutionManager,dataConverter,quantityConverter,priceConverter,marketSessionManager,dataSource,sessionFactory,setDerbyLog,server,systemInfo,transportService,eventManager,persistenceManager,mdManager,simMarketDataAdaptor,simExchange,strategyContainer,orderManager,scheduleManager,hkexTickTable,forexTickTable,tickTableManager,businessManager,accountPositionManager,userKeeper,accountKeeper,positionKeeper,fxConverter,autoRunner,tickDataManager,tickDataWriter,refDataManager,userRecoveryProcessor,accountRecoveryProcessor,accountSettingRecoveryProcessor,positionRecoveryProcessor,executionRecoveryProcessor,strategyRecoveryProcessor,alertManager,parseAlertSender,downStreamManager,hyperDownStreamAdaptor,hyperDownStreamConnection,upStreamManager]; root of factory hierarchy
18:50:30,190 [main] INFO  Version  - Hibernate Commons Annotations 3.2.0.Final
18:50:30,197 [main] INFO  Environment  - Hibernate 3.6.3.Final
18:50:30,202 [main] INFO  Environment  - hibernate.properties not found
18:50:30,208 [main] INFO  Environment  - Bytecode provider name : javassist
18:50:30,215 [main] INFO  Environment  - using JDK 1.4 java.sql.Timestamp handling
18:50:30,453 [main] INFO  LocalSessionFactoryBean  - Building new Hibernate SessionFactory
18:50:30,544 [main] INFO  HbmBinder  - Mapping class: com.cyanspring.common.business.Execution -> ANYONE.EXECUTIONS
18:50:30,569 [main] INFO  HbmBinder  - Mapping class: com.cyanspring.common.business.ChildOrder -> ANYONE.ACTIVE_CHILD_ORDERS
18:50:30,572 [main] INFO  HbmBinder  - Mapping class: com.cyanspring.server.persistence.ChildOrderAudit -> ANYONE.CHILD_ORDER_AUDIT
18:50:30,575 [main] INFO  HbmBinder  - Mapping class: com.cyanspring.server.persistence.TextObject -> ANYONE.TEXT_OBJECTS
18:50:30,578 [main] INFO  HbmBinder  - Mapping class: com.cyanspring.common.account.User -> ANYONE.USERS
18:50:30,580 [main] INFO  HbmBinder  - Mapping class: com.cyanspring.common.account.Account -> ANYONE.ACCOUNTS
18:50:30,581 [main] INFO  HbmBinder  - Mapping class: com.cyanspring.common.account.AccountDaily -> ANYONE.ACCOUNTS_DAILY
18:50:30,583 [main] INFO  HbmBinder  - Mapping class: com.cyanspring.common.account.Position -> Position
18:50:30,613 [main] INFO  HbmBinder  - Mapping union-subclass: com.cyanspring.common.account.OpenPosition -> ANYONE.OPEN_POSITIONS
18:50:30,614 [main] INFO  HbmBinder  - Mapping union-subclass: com.cyanspring.common.account.ClosedPosition -> ANYONE.CLOSED_POSITIONS
18:50:30,615 [main] INFO  HbmBinder  - Mapping class: com.cyanspring.common.account.AccountSetting -> ANYONE.ACCOUNT_SETTINGS
18:50:30,638 [main] INFO  Configuration  - Hibernate Validator not found: ignoring
18:50:30,651 [main] INFO  HibernateSearchEventListenerRegister  - Unable to find org.hibernate.search.event.FullTextIndexEventListener on the classpath. Hibernate Search is not enabled.
18:50:30,720 [main] WARN  RootClass  - composite-id class does not override equals(): com.cyanspring.common.account.AccountDaily
18:50:30,720 [main] WARN  RootClass  - composite-id class does not override hashCode(): com.cyanspring.common.account.AccountDaily
18:50:30,736 [main] WARN  RootClass  - composite-id class does not override equals(): com.cyanspring.server.persistence.TextObject
18:50:30,737 [main] WARN  RootClass  - composite-id class does not override hashCode(): com.cyanspring.server.persistence.TextObject
18:50:30,741 [main] INFO  ConnectionProviderFactory  - Initializing connection provider: org.springframework.orm.hibernate3.LocalDataSourceConnectionProvider
18:50:32,082 [main] INFO  Dialect  - Using dialect: org.hibernate.dialect.DerbyDialect
18:50:32,114 [main] INFO  SettingsFactory  - Database ->
       name : Apache Derby
    version : 10.8.2.2 - (1181258)
      major : 10
      minor : 8
18:50:32,114 [main] INFO  SettingsFactory  - Driver ->
       name : Apache Derby Embedded JDBC Driver
    version : 10.8.2.2 - (1181258)
      major : 10
      minor : 8
18:50:32,116 [main] INFO  TransactionFactoryFactory  - Using default transaction strategy (direct JDBC transactions)
18:50:32,117 [main] INFO  TransactionManagerLookupFactory  - No TransactionManagerLookup configured (in JTA environment, use of read-write or transactional second-level cache is not recommended)
18:50:32,117 [main] INFO  SettingsFactory  - Automatic flush during beforeCompletion(): disabled
18:50:32,117 [main] INFO  SettingsFactory  - Automatic session close at end of transaction: disabled
18:50:32,118 [main] INFO  SettingsFactory  - Scrollable result sets: enabled
18:50:32,118 [main] INFO  SettingsFactory  - JDBC3 getGeneratedKeys(): disabled
18:50:32,119 [main] INFO  SettingsFactory  - Connection release mode: on_close
18:50:32,119 [main] INFO  SettingsFactory  - Default batch fetch size: 1
18:50:32,119 [main] INFO  SettingsFactory  - Generate SQL with comments: disabled
18:50:32,120 [main] INFO  SettingsFactory  - Order SQL updates by primary key: disabled
18:50:32,120 [main] INFO  SettingsFactory  - Order SQL inserts for batching: disabled
18:50:32,120 [main] INFO  SettingsFactory  - Query translator: org.hibernate.hql.ast.ASTQueryTranslatorFactory
18:50:32,130 [main] INFO  ASTQueryTranslatorFactory  - Using ASTQueryTranslatorFactory
18:50:32,130 [main] INFO  SettingsFactory  - Query language substitutions: {}
18:50:32,130 [main] INFO  SettingsFactory  - JPA-QL strict compliance: disabled
18:50:32,130 [main] INFO  SettingsFactory  - Second-level cache: enabled
18:50:32,130 [main] INFO  SettingsFactory  - Query cache: disabled
18:50:32,130 [main] INFO  SettingsFactory  - Cache region factory : org.hibernate.cache.impl.NoCachingRegionFactory
18:50:32,132 [main] INFO  SettingsFactory  - Optimize cache for minimal puts: disabled
18:50:32,133 [main] INFO  SettingsFactory  - Structured second-level cache entries: disabled
18:50:32,140 [main] INFO  SettingsFactory  - Statistics: disabled
18:50:32,140 [main] INFO  SettingsFactory  - Deleted entity synthetic identifier rollback: disabled
18:50:32,141 [main] INFO  SettingsFactory  - Default entity-mode: pojo
18:50:32,141 [main] INFO  SettingsFactory  - Named query checking : enabled
18:50:32,141 [main] INFO  SettingsFactory  - Check Nullability in Core (should be disabled when Bean Validation is on): enabled
18:50:32,164 [main] INFO  SessionFactoryImpl  - building session factory
18:50:32,173 [main] INFO  BasicTypeRegistry  - Type registration [materialized_clob] overrides previous : org.hibernate.type.MaterializedClobType@4f6c14e7
18:50:32,173 [main] INFO  BasicTypeRegistry  - Type registration [wrapper_characters_clob] overrides previous : org.hibernate.type.CharacterArrayClobType@40d0726d
18:50:32,173 [main] INFO  BasicTypeRegistry  - Type registration [wrapper_materialized_blob] overrides previous : org.hibernate.type.WrappedMaterializedBlobType@35087359
18:50:32,173 [main] INFO  BasicTypeRegistry  - Type registration [materialized_blob] overrides previous : org.hibernate.type.MaterializedBlobType@3dccf342
18:50:32,173 [main] INFO  BasicTypeRegistry  - Type registration [clob] overrides previous : org.hibernate.type.ClobType@5a7691c0
18:50:32,174 [main] INFO  BasicTypeRegistry  - Type registration [java.sql.Clob] overrides previous : org.hibernate.type.ClobType@5a7691c0
18:50:32,174 [main] INFO  BasicTypeRegistry  - Type registration [blob] overrides previous : org.hibernate.type.BlobType@1e5b02a6
18:50:32,174 [main] INFO  BasicTypeRegistry  - Type registration [java.sql.Blob] overrides previous : org.hibernate.type.BlobType@1e5b02a6
18:50:32,174 [main] INFO  BasicTypeRegistry  - Type registration [characters_clob] overrides previous : org.hibernate.type.PrimitiveCharacterArrayClobType@690aefdb
18:50:32,710 [main] INFO  SessionFactoryObjectFactory  - Not binding factory to JNDI, no JNDI name configured
18:50:33,091 [main] INFO  Server  - SystemInfo: Test:EB:S1:tcp://localhost:61616
18:50:33,337 [main] INFO  BrokerService  - Using Persistence Adapter: MemoryPersistenceAdapter
18:50:33,339 [main] INFO  BrokerService  - ActiveMQ 5.5.0 JMS Message Broker (localhost) is starting
18:50:33,339 [main] INFO  BrokerService  - For help or more information please see: http://activemq.apache.org/
18:50:33,398 [JMX connector] INFO  ManagementContext  - JMX consoles can connect to service:jmx:rmi:///jndi/rmi://localhost:1099/jmxrmi
18:50:33,503 [main] INFO  TransportServerThreadSupport  - Listening for connections at: tcp://127.0.0.1:61616
18:50:33,503 [main] INFO  TransportConnector  - Connector tcp://localHost:61616 Started
18:50:33,507 [main] INFO  BrokerService  - ActiveMQ JMS Message Broker (localhost, ID:PC-HP-51007-1415875829320-1:1) started
18:50:33,919 [main] DEBUG Server  - ScheduleManager initialized
18:50:33,920 [main] DEBUG Server  - PersistenceManager initialized
18:50:33,920 [main] INFO  PersistenceManager  - initialising
18:50:34,035 [main] INFO  PersistenceManager  - Embedded SQL server started
18:50:34,735 [main] DEBUG PersistenceManager  - USER Records deleted: 11
18:50:34,767 [main] DEBUG PersistenceManager  - ACCOUNT Records deleted: 11
18:50:34,824 [main] DEBUG PersistenceManager  - CLOSED_POSITION Records deleted: 0
18:50:34,852 [main] DEBUG PersistenceManager  - OPEN_POSITION Records deleted: 7
18:50:34,888 [main] DEBUG PersistenceManager  - TextObject Records deleted: 1
18:50:34,899 [main] WARN  HQLQueryPlan  - manipulation query [delete from ChildOrder where created < :created and serverId = :serverId] resulted in [2] split queries
18:50:34,957 [main] DEBUG PersistenceManager  - ChildOrder Records deleted: 7
18:50:34,967 [main] DEBUG PersistenceManager  - ChildOrderAudit Records deleted: 0
18:50:35,004 [main] DEBUG PersistenceManager  - Execution Records deleted: 7
18:50:35,010 [main] DEBUG Server  - OrderManager initialized
18:50:35,011 [main] DEBUG Server  - BusinessManager initialized
18:50:35,016 [main] INFO  StrategyFactory  - loading strategy jar file: strategies\cyanspring-custom-2.56.jar
18:50:35,019 [main] INFO  ClassEnumerator  - Reading JAR file: 'strategies/cyanspring-custom-2.56.jar'
18:50:35,031 [main] INFO  StrategyFactory  - discovered custom strategy: class com.cyanspring.custom.strategy.CustomStrategy1
18:50:35,031 [main] INFO  StrategyFactory  - Loading conf/CustomStrategy1.xml from cyanspring-custom-2.56.jar
18:50:35,040 [main] INFO  XmlBeanDefinitionReader  - Loading XML bean definitions from resource loaded through InputStream
18:50:35,045 [main] INFO  GenericApplicationContext  - Refreshing org.springframework.context.support.GenericApplicationContext@698b41da: startup date [Thu Nov 13 18:50:35 CST 2014]; parent: org.springframework.context.support.FileSystemXmlApplicationContext@3ff2cea2
18:50:35,047 [main] INFO  DefaultListableBeanFactory  - Pre-instantiating singletons in org.springframework.beans.factory.support.DefaultListableBeanFactory@aaf683a: defining beans [customStrategy1]; parent: org.springframework.beans.factory.support.DefaultListableBeanFactory@7bafb0c7
18:50:35,084 [main] INFO  StrategyFactory  - Registered strategy CUSTOM1 to bean customStrategy1
18:50:35,084 [main] INFO  StrategyFactory  - discovered custom strategy: class com.cyanspring.custom.strategy.CustomStrategy2
18:50:35,085 [main] INFO  StrategyFactory  - Loading conf/CustomStrategy2.xml from cyanspring-custom-2.56.jar
18:50:35,086 [main] INFO  XmlBeanDefinitionReader  - Loading XML bean definitions from resource loaded through InputStream
18:50:35,092 [main] INFO  GenericApplicationContext  - Refreshing org.springframework.context.support.GenericApplicationContext@17341b06: startup date [Thu Nov 13 18:50:35 CST 2014]; parent: org.springframework.context.support.FileSystemXmlApplicationContext@3ff2cea2
18:50:35,094 [main] INFO  DefaultListableBeanFactory  - Pre-instantiating singletons in org.springframework.beans.factory.support.DefaultListableBeanFactory@27299442: defining beans [customStrategy2FieldDefs,customStrategy2InstrumentFieldDefs,customStrategy2]; parent: org.springframework.beans.factory.support.DefaultListableBeanFactory@7bafb0c7
18:50:35,120 [main] INFO  StrategyFactory  - Registered strategy CUSTOM2 to bean customStrategy2
18:50:35,121 [main] INFO  StrategyFactory  - loading strategy jar file: strategies\cyanspring-sample-2.56.jar
18:50:35,121 [main] INFO  ClassEnumerator  - Reading JAR file: 'strategies/cyanspring-sample-2.56.jar'
18:50:35,159 [main] INFO  StrategyFactory  - discovered custom strategy: class com.cyanspring.sample.custom.DummyStrategy
18:50:35,159 [main] INFO  StrategyFactory  - Loading conf/DummyStrategy.xml from cyanspring-sample-2.56.jar
18:50:35,163 [main] INFO  XmlBeanDefinitionReader  - Loading XML bean definitions from resource loaded through InputStream
18:50:35,168 [main] INFO  GenericApplicationContext  - Refreshing org.springframework.context.support.GenericApplicationContext@10ced1ac: startup date [Thu Nov 13 18:50:35 CST 2014]; parent: org.springframework.context.support.FileSystemXmlApplicationContext@3ff2cea2
18:50:35,169 [main] INFO  DefaultListableBeanFactory  - Pre-instantiating singletons in org.springframework.beans.factory.support.DefaultListableBeanFactory@3bc8d400: defining beans [dummyStrategy]; parent: org.springframework.beans.factory.support.DefaultListableBeanFactory@7bafb0c7
18:50:35,187 [main] INFO  StrategyFactory  - Registered strategy DUMMY to bean dummyStrategy
18:50:35,188 [main] INFO  StrategyFactory  - discovered custom strategy: class com.cyanspring.sample.custom.MarketMakingStrategy
18:50:35,188 [main] INFO  StrategyFactory  - Loading conf/MarketMakingStrategy.xml from cyanspring-sample-2.56.jar
18:50:35,189 [main] INFO  XmlBeanDefinitionReader  - Loading XML bean definitions from resource loaded through InputStream
18:50:35,197 [main] INFO  GenericApplicationContext  - Refreshing org.springframework.context.support.GenericApplicationContext@54d81cda: startup date [Thu Nov 13 18:50:35 CST 2014]; parent: org.springframework.context.support.FileSystemXmlApplicationContext@3ff2cea2
18:50:35,199 [main] INFO  DefaultListableBeanFactory  - Pre-instantiating singletons in org.springframework.beans.factory.support.DefaultListableBeanFactory@6917ffc5: defining beans [markingMakingStrategyFieldDefs,markingMakingStrategyInstrumentFieldDefs,marketMakingStrategy]; parent: org.springframework.beans.factory.support.DefaultListableBeanFactory@7bafb0c7
18:50:35,223 [main] INFO  StrategyFactory  - Registered strategy MARKET_MAKING to bean marketMakingStrategy
18:50:35,223 [main] INFO  StrategyFactory  - discovered custom strategy: class com.cyanspring.sample.custom.TrendingStrategy
18:50:35,223 [main] INFO  StrategyFactory  - Loading conf/TrendingStrategy.xml from cyanspring-sample-2.56.jar
18:50:35,225 [main] INFO  XmlBeanDefinitionReader  - Loading XML bean definitions from resource loaded through InputStream
18:50:35,231 [main] INFO  GenericApplicationContext  - Refreshing org.springframework.context.support.GenericApplicationContext@4ba5fc52: startup date [Thu Nov 13 18:50:35 CST 2014]; parent: org.springframework.context.support.FileSystemXmlApplicationContext@3ff2cea2
18:50:35,234 [main] INFO  DefaultListableBeanFactory  - Pre-instantiating singletons in org.springframework.beans.factory.support.DefaultListableBeanFactory@4da84fae: defining beans [trendingStrategyFieldDefs,trendingStrategyInstrumentFieldDefs,trendingStrategy]; parent: org.springframework.beans.factory.support.DefaultListableBeanFactory@7bafb0c7
18:50:35,257 [main] INFO  StrategyFactory  - Registered strategy TRENDING to bean trendingStrategy
18:50:35,258 [main] INFO  StrategyFactory  - discovered custom strategy: class com.cyanspring.sample.multiinstrument.dollarneutral.DollarNeutralStrategy
18:50:35,258 [main] INFO  StrategyFactory  - Loading conf/DollarNeutralStrategy.xml from cyanspring-sample-2.56.jar
18:50:35,259 [main] INFO  XmlBeanDefinitionReader  - Loading XML bean definitions from resource loaded through InputStream
18:50:35,271 [main] INFO  GenericApplicationContext  - Refreshing org.springframework.context.support.GenericApplicationContext@621b6c74: startup date [Thu Nov 13 18:50:35 CST 2014]; parent: org.springframework.context.support.FileSystemXmlApplicationContext@3ff2cea2
18:50:35,273 [main] INFO  DefaultListableBeanFactory  - Pre-instantiating singletons in org.springframework.beans.factory.support.DefaultListableBeanFactory@3d4cff90: defining beans [dollarNeutralStrategyFieldDefs,dollarNeutralInstrumentFieldDefs,dollarNeutralStrategy]; parent: org.springframework.beans.factory.support.DefaultListableBeanFactory@7bafb0c7
18:50:35,300 [main] INFO  StrategyFactory  - Registered strategy DOLLAR_NEUTRAL to bean dollarNeutralStrategy
18:50:35,301 [main] INFO  StrategyFactory  - discovered custom strategy: class com.cyanspring.sample.multiinstrument.lowhigh.LowHighStrategy
18:50:35,301 [main] INFO  StrategyFactory  - Loading conf/LowHighStrategy.xml from cyanspring-sample-2.56.jar
18:50:35,302 [main] INFO  XmlBeanDefinitionReader  - Loading XML bean definitions from resource loaded through InputStream
18:50:35,312 [main] INFO  GenericApplicationContext  - Refreshing org.springframework.context.support.GenericApplicationContext@3b5789a5: startup date [Thu Nov 13 18:50:35 CST 2014]; parent: org.springframework.context.support.FileSystemXmlApplicationContext@3ff2cea2
18:50:35,315 [main] INFO  DefaultListableBeanFactory  - Pre-instantiating singletons in org.springframework.beans.factory.support.DefaultListableBeanFactory@35a3ae73: defining beans [lowHighStrategyFieldDefs,lowHighInstrumentFieldDefs,lowHighStrategy]; parent: org.springframework.beans.factory.support.DefaultListableBeanFactory@7bafb0c7
18:50:35,341 [main] INFO  StrategyFactory  - Registered strategy LOW_HIGH to bean lowHighStrategy
18:50:35,342 [main] INFO  StrategyFactory  - discovered custom strategy: class com.cyanspring.sample.singleinstrument.StopWinLossStrategy
18:50:35,342 [main] INFO  StrategyFactory  - Loading conf/StopWinLossStrategy.xml from cyanspring-sample-2.56.jar
18:50:35,343 [main] INFO  XmlBeanDefinitionReader  - Loading XML bean definitions from resource loaded through InputStream
18:50:35,351 [main] INFO  GenericApplicationContext  - Refreshing org.springframework.context.support.GenericApplicationContext@4b6995a2: startup date [Thu Nov 13 18:50:35 CST 2014]; parent: org.springframework.context.support.FileSystemXmlApplicationContext@3ff2cea2
18:50:35,352 [main] INFO  DefaultListableBeanFactory  - Pre-instantiating singletons in org.springframework.beans.factory.support.DefaultListableBeanFactory@471b1e39: defining beans [stopWinLossStrategy]; parent: org.springframework.beans.factory.support.DefaultListableBeanFactory@7bafb0c7
18:50:35,373 [main] INFO  StrategyFactory  - Registered strategy STOP_WIN_LOSS to bean stopWinLossStrategy
18:50:35,374 [main] INFO  StrategyFactory  - discovered custom strategy: class com.cyanspring.sample.singleorder.iceberg.IcebergStrategy
18:50:35,374 [main] INFO  StrategyFactory  - Loading conf/IcebergStrategy.xml from cyanspring-sample-2.56.jar
18:50:35,375 [main] INFO  XmlBeanDefinitionReader  - Loading XML bean definitions from resource loaded through InputStream
18:50:35,379 [main] INFO  GenericApplicationContext  - Refreshing org.springframework.context.support.GenericApplicationContext@58c77e26: startup date [Thu Nov 13 18:50:35 CST 2014]; parent: org.springframework.context.support.FileSystemXmlApplicationContext@3ff2cea2
18:50:35,381 [main] INFO  DefaultListableBeanFactory  - Pre-instantiating singletons in org.springframework.beans.factory.support.DefaultListableBeanFactory@1abfb235: defining beans [icebergStrategy]; parent: org.springframework.beans.factory.support.DefaultListableBeanFactory@7bafb0c7
18:50:35,395 [main] INFO  StrategyFactory  - Registered strategy ICEBERG to bean icebergStrategy
18:50:35,395 [main] INFO  StrategyFactory  - discovered custom strategy: class com.cyanspring.sample.singleorder.peg.PegStrategy
18:50:35,395 [main] INFO  StrategyFactory  - Loading conf/PegStrategy.xml from cyanspring-sample-2.56.jar
18:50:35,396 [main] INFO  XmlBeanDefinitionReader  - Loading XML bean definitions from resource loaded through InputStream
18:50:35,401 [main] INFO  GenericApplicationContext  - Refreshing org.springframework.context.support.GenericApplicationContext@5052d2c4: startup date [Thu Nov 13 18:50:35 CST 2014]; parent: org.springframework.context.support.FileSystemXmlApplicationContext@3ff2cea2
18:50:35,402 [main] INFO  DefaultListableBeanFactory  - Pre-instantiating singletons in org.springframework.beans.factory.support.DefaultListableBeanFactory@1108565d: defining beans [pegStrategy]; parent: org.springframework.beans.factory.support.DefaultListableBeanFactory@7bafb0c7
18:50:35,419 [main] INFO  StrategyFactory  - Registered strategy PEG to bean pegStrategy
18:50:35,419 [main] INFO  StrategyFactory  - discovered custom strategy: class com.cyanspring.sample.singleorder.pov.POVStrategy
18:50:35,419 [main] INFO  StrategyFactory  - Loading conf/POVStrategy.xml from cyanspring-sample-2.56.jar
18:50:35,421 [main] INFO  XmlBeanDefinitionReader  - Loading XML bean definitions from resource loaded through InputStream
18:50:35,426 [main] INFO  GenericApplicationContext  - Refreshing org.springframework.context.support.GenericApplicationContext@1df7670d: startup date [Thu Nov 13 18:50:35 CST 2014]; parent: org.springframework.context.support.FileSystemXmlApplicationContext@3ff2cea2
18:50:35,428 [main] INFO  DefaultListableBeanFactory  - Pre-instantiating singletons in org.springframework.beans.factory.support.DefaultListableBeanFactory@73e74d83: defining beans [povStrategy]; parent: org.springframework.beans.factory.support.DefaultListableBeanFactory@7bafb0c7
18:50:35,450 [main] INFO  StrategyFactory  - Registered strategy POV to bean povStrategy
18:50:35,451 [main] INFO  StrategyFactory  - discovered custom strategy: class com.cyanspring.sample.singleorder.sdma.SDMAStrategy
18:50:35,451 [main] INFO  StrategyFactory  - Loading conf/SDMAStrategy.xml from cyanspring-sample-2.56.jar
18:50:35,453 [main] INFO  XmlBeanDefinitionReader  - Loading XML bean definitions from resource loaded through InputStream
18:50:35,458 [main] INFO  GenericApplicationContext  - Refreshing org.springframework.context.support.GenericApplicationContext@75d8362: startup date [Thu Nov 13 18:50:35 CST 2014]; parent: org.springframework.context.support.FileSystemXmlApplicationContext@3ff2cea2
18:50:35,460 [main] INFO  DefaultListableBeanFactory  - Pre-instantiating singletons in org.springframework.beans.factory.support.DefaultListableBeanFactory@332af08b: defining beans [sdmaStrategy,sdmaPriceAnalyzer]; parent: org.springframework.beans.factory.support.DefaultListableBeanFactory@7bafb0c7
18:50:35,493 [main] INFO  StrategyFactory  - Registered strategy SDMA to bean sdmaStrategy
18:50:35,493 [main] INFO  StrategyFactory  - discovered custom strategy: class com.cyanspring.sample.singleorder.sniper.SniperStrategy
18:50:35,494 [main] INFO  StrategyFactory  - Loading conf/SniperStrategy.xml from cyanspring-sample-2.56.jar
18:50:35,495 [main] INFO  XmlBeanDefinitionReader  - Loading XML bean definitions from resource loaded through InputStream
18:50:35,500 [main] INFO  GenericApplicationContext  - Refreshing org.springframework.context.support.GenericApplicationContext@74c74b55: startup date [Thu Nov 13 18:50:35 CST 2014]; parent: org.springframework.context.support.FileSystemXmlApplicationContext@3ff2cea2
18:50:35,501 [main] INFO  DefaultListableBeanFactory  - Pre-instantiating singletons in org.springframework.beans.factory.support.DefaultListableBeanFactory@18a3fe6: defining beans [sniperStrategy]; parent: org.springframework.beans.factory.support.DefaultListableBeanFactory@7bafb0c7
18:50:35,520 [main] INFO  StrategyFactory  - Registered strategy SNIPER to bean sniperStrategy
18:50:35,521 [main] INFO  StrategyFactory  - discovered custom strategy: class com.cyanspring.sample.singleorder.stop.StopStrategy
18:50:35,521 [main] INFO  StrategyFactory  - Loading conf/StopStrategy.xml from cyanspring-sample-2.56.jar
18:50:35,524 [main] INFO  XmlBeanDefinitionReader  - Loading XML bean definitions from resource loaded through InputStream
18:50:35,529 [main] INFO  GenericApplicationContext  - Refreshing org.springframework.context.support.GenericApplicationContext@6001654: startup date [Thu Nov 13 18:50:35 CST 2014]; parent: org.springframework.context.support.FileSystemXmlApplicationContext@3ff2cea2
18:50:35,531 [main] INFO  DefaultListableBeanFactory  - Pre-instantiating singletons in org.springframework.beans.factory.support.DefaultListableBeanFactory@7a5d50c4: defining beans [stopStrategy]; parent: org.springframework.beans.factory.support.DefaultListableBeanFactory@7bafb0c7
18:50:35,551 [main] INFO  StrategyFactory  - Registered strategy STOP to bean stopStrategy
18:50:35,579 [main] DEBUG MarketSessionManager  - Session start time: AM_NO_TRADING : Thu Nov 13 00:00:00 CST 2014
18:50:35,579 [main] DEBUG MarketSessionManager  - Session start time: AM_OPEN_AUCTION : Thu Nov 13 09:00:00 CST 2014
18:50:35,579 [main] DEBUG MarketSessionManager  - Session start time: AM_OPEN_AUCTION_MARKET_TYPE_ONLY : Thu Nov 13 09:15:00 CST 2014
18:50:35,579 [main] DEBUG MarketSessionManager  - Session start time: AM_OPEN_AUCTION_BLOCKING : Thu Nov 13 09:20:00 CST 2014
18:50:35,579 [main] DEBUG MarketSessionManager  - Session start time: AM_CONTINUOUS_TRADING : Thu Nov 13 09:30:00 CST 2014
18:50:35,579 [main] DEBUG MarketSessionManager  - Session start time: LUNCH_BLOCKING : Thu Nov 13 12:00:00 CST 2014
18:50:35,581 [main] DEBUG MarketSessionManager  - Session start time: LUNCH_BLOCKING_AMEND_CANCEL_ALLOW : Thu Nov 13 13:00:00 CST 2014
18:50:35,581 [main] DEBUG MarketSessionManager  - Session start time: PM_CONTINUOUS_TRADING : Thu Nov 13 13:30:00 CST 2014
18:50:35,581 [main] DEBUG MarketSessionManager  - Session start time: PM_NO_TRADING : Thu Nov 13 16:00:00 CST 2014
18:50:35,581 [main] INFO  RefDataManager  - initialising with refdata/refData_test.xml
18:50:35,689 [main] INFO  MarketDataManager  - initialising
18:50:35,751 [MarketDataManager] INFO  AsyncEventProcessor  - processAsyncTimerEvent added in method map
18:50:35,755 [main] INFO  MarketDataManager  - MarketData feed is up
18:50:35,755 [main] DEBUG MarketDataManager  - Market data presubscribe: [AUDUSD, USDJPY, USDCHF, USDCAD, EURUSD, EURJPY, GBPUSD, NZDUSD, GBPJPY]
18:50:35,758 [main] INFO  DownStreamManager  - initialising
18:50:35,758 [main] INFO  HyperDownStreamConnection  - subscribe to events...
18:50:35,758 [main] INFO  HyperDownStreamConnection  - Initialising...
18:50:35,760 [MarketDataManager] INFO  AsyncEventProcessor  - processQuoteEvent added in method map
18:50:35,761 [Server] INFO  Server  - Market data is ready: true
18:50:35,762 [main] DEBUG TickDataManager  - Initialising TickDataManager....
18:50:35,763 [Server] INFO  Server  - Down stream is ready: true
18:50:35,763 [Server] INFO  Server  - Down stream is ready: true
18:50:35,763 [main] INFO  TickDataManager  - Existing tick directory: ticks
18:50:35,764 [main] INFO  UpStreamManager  - initialising
18:50:35,764 [main] WARN  AsyncEventProcessor  - Event subscription list is null or empty, nothing to work on
18:50:35,775 [main] INFO  AlertManager  - Initialising...
18:50:35,776 [main] INFO  AutoRunner  - Initialising AutoRunner
18:50:35,826 [main] INFO  Server  - Published my node info
18:50:35,830 [Server] INFO  AsyncEventProcessor  - processAsyncTimerEvent added in method map
18:50:35,844 [MarketDataManager] DEBUG AsyncEventManager  - Event Stats: 
{class com.cyanspring.common.server.event.DownStreamReadyEvent=2, class com.cyanspring.common.server.event.MarketDataReadyEvent=1, class com.cyanspring.common.event.marketdata.QuoteEvent=7}
18:50:35,876 [main] INFO  MarketReplay  - Market replay starts at: Thu Nov 13 18:50:35 CST 2014
18:50:35,931 [main] INFO  MarketReplay  - Market replay ends at: Thu Nov 13 18:50:35 CST 2014
18:50:36,082 [Thread-31] INFO  Server  - Users loaded: 0
18:50:36,213 [Thread-31] INFO  Server  - Accounts loaded: 0
18:50:36,224 [PersistenceManager] DEBUG PersistenceManager  - Persisted user: [DEFAULT, DEFAULT, null]
18:50:36,361 [Thread-31] INFO  Server  - AccountSettings loaded: 1
18:50:36,501 [Thread-31] INFO  Server  - Open positions loaded: 0
18:50:36,576 [Thread-31] INFO  Server  - Closed positions loaded: 0
18:50:36,688 [Thread-31] INFO  Server  - Executions recovered: 0
18:50:36,789 [UserAccountManager-Timer] INFO  AccountPositionManager  - FX rates: [USDJPY:99.0, AUDUSD:0.8, CADUSD:0.888651915044877, EURJPY:136.05, GBPJPY:176.05, USDEUR:0.7909515146721506, NZDUSD:0.77965, GBPUSD:1.66365, USDGBP:0.6008532115604158, JPYEUR:0.007272727272727273, JPYUSD:0.01, USDCAD:1.12365, JPYGBP:0.005633802816901409, CHFUSD:1.0476140589806715, USDNZD:1.2821334700942368, USDAUD:1.1111111111111112, USDCHF:0.9525, EURUSD:1.26365]
18:50:36,837 [Thread-31] INFO  PersistenceManager  - loaded SINGLE_ORDER_STRATEGY 0
18:50:36,837 [Thread-31] INFO  PersistenceManager  - Deleted SINGLE_ORDER_STRATEGY 0 terminated items
18:50:36,840 [Thread-31] INFO  PersistenceManager  - loaded SINGLE_INSTRUMENT_STRATEGY 0
18:50:36,840 [Thread-31] INFO  PersistenceManager  - Deleted SINGLE_INSTRUMENT_STRATEGY 0 terminated items
18:50:36,843 [Thread-31] INFO  PersistenceManager  - loaded MULTI_INSTRUMENT_STRATEGY 0
18:50:36,843 [Thread-31] INFO  PersistenceManager  - Deleted MULTI_INSTRUMENT_STRATEGY 0 terminated items
18:50:36,843 [Thread-31] INFO  Server  - Strategies recovered: 0
18:50:36,844 [Thread-31] INFO  Server  - Server is ready: true
18:50:36,884 [PersistenceManager] DEBUG PersistenceManager  - Persisted user: [test1, test1, null]
18:50:36,891 [PersistenceManager] DEBUG PersistenceManager  - Persisted user: [test2, test2, null]
18:50:36,897 [PersistenceManager] DEBUG PersistenceManager  - Persisted user: [test3, test3, null]
18:50:36,903 [PersistenceManager] DEBUG PersistenceManager  - Persisted user: [test4, test4, null]
18:50:36,910 [PersistenceManager] DEBUG PersistenceManager  - Persisted user: [test5, test5, null]
18:50:36,916 [PersistenceManager] DEBUG PersistenceManager  - Persisted user: [test6, test6, null]
18:50:36,925 [PersistenceManager] DEBUG PersistenceManager  - Persisted user: [test7, test7, null]
18:50:36,935 [PersistenceManager] DEBUG PersistenceManager  - Persisted user: [test8, test8, null]
18:50:36,941 [PersistenceManager] DEBUG PersistenceManager  - Persisted user: [test9, test9, null]
18:50:36,947 [PersistenceManager] DEBUG PersistenceManager  - Persisted user: [test10, test10, null]
18:51:48,721 [Server] INFO  Server  - Replied my nodeInfo
18:51:48,778 [BusinessManager] DEBUG BusinessManager  - Received InitClientRequestEvent from client: PC-HP.PC.20141113-185146-868-0001
18:51:57,677 [UserAccountManager] DEBUG AccountPositionManager  - Received UserLoginEvent: test1
18:52:13,710 [BusinessManager] DEBUG BusinessManager  - Ignore field not defined in input fields: POV limit
18:52:13,716 [OrderManager] DEBUG OrderManager  - Received parent order update: NEW, [S1-20141113-185213-711-1300P, AUDUSD, Buy, 0.0, 100000.0, test1, test1, , NEW, 0.0, 0.0, Market, Paused]
18:52:13,727 [BusinessManager] DEBUG BusinessManager  - strategy S1-20141113-185213-711-1300P assigned to container SC-0
18:52:13,730 [Thread-SC-0] DEBUG SDMAStrategy  - [S1-20141113-185213-711-1300P] Initialize strategy: SDMA, S1-20141113-185213-711-1300P, AUDUSD, 100000.0
18:52:13,731 [Thread-SC-0] INFO  SDMAStrategy  - [S1-20141113-185213-711-1300P] Strategy started
18:52:13,735 [Thread-SC-0] DEBUG SDMAStrategy  - [S1-20141113-185213-711-1300P] Round aggressive qty from 100000.0 to 100000.0
18:52:13,735 [OrderManager] DEBUG OrderManager  - Received parent order update: RESTATED, [S1-20141113-185213-711-1300P, AUDUSD, Buy, 0.0, 100000.0, test1, test1, , NEW, 0.0, 0.0, Market, Running]
18:52:13,735 [Thread-SC-0] DEBUG SDMAStrategy  - [S1-20141113-185213-711-1300P] Round passive qty from 0.0 to 0.0
18:52:13,735 [OrderManager] DEBUG OrderManager  - UpdateParentOrderEvent difference: {State=Running, Modified=Thu Nov 13 18:52:13 CST 2014, Seq ID=S1-20141113-185213-711-1301}
18:52:13,744 [Thread-SC-0] INFO  SDMAStrategy  - [S1-20141113-185213-711-1300P] Parent order: Qty: 100000.0, Cum: 0.0
18:52:13,745 [Thread-SC-0] INFO  SDMAStrategy  - [S1-20141113-185213-711-1300P] Open orders: []
18:52:13,745 [Thread-SC-0] INFO  SDMAStrategy  - [S1-20141113-185213-711-1300P] Quote: null
18:52:13,746 [Thread-SC-0] INFO  SDMAStrategy  - [S1-20141113-185213-711-1300P] AdjQuote: null
18:52:13,746 [Thread-SC-0] INFO  SDMAStrategy  - [S1-20141113-185213-711-1300P] QuantityInstruction: [100000.0, 0.0]
18:52:13,747 [Thread-SC-0] INFO  SDMAStrategy  - [S1-20141113-185213-711-1300P] PriceInstruction: 
[AUDUSD, Buy, 0.0, 100000.0, MARKET]
18:52:13,751 [Thread-SC-0] INFO  SDMAStrategy  - [S1-20141113-185213-711-1300P] ExecutionInstruction: [[AUDUSD, Buy, NEW, MARKET, [S1-20141113-185213-740-1984C, AUDUSD, Buy, 0.0, 100000.0, test1, test1, , PENDING_NEW, 0.0, 0.0, MARKET, S1-20141113-185213-711-1300P, S1-20141113-185213-711-1300P, null], null]]
18:52:13,752 [Thread-SC-0] DEBUG DefaultExecutionManager  - Receiving ExecutionInstructionEvent: S1-20141113-185213-752-0052EI, 18:52:13.752, 
[AUDUSD, Buy, NEW, MARKET, [S1-20141113-185213-740-1984C, AUDUSD, Buy, 0.0, 100000.0, test1, test1, , PENDING_NEW, 0.0, 0.0, MARKET, S1-20141113-185213-711-1300P, S1-20141113-185213-711-1300P, null], null]
18:52:13,757 [Thread-SC-0] DEBUG DefaultExecutionManager  - Sending new child order: [S1-20141113-185213-740-1984C, AUDUSD, Buy, 0.0, 100000.0, test1, test1, , PENDING_NEW, 0.0, 0.0, MARKET, S1-20141113-185213-711-1300P, S1-20141113-185213-711-1300P, null]; extra fields: null
18:52:13,758 [HyperMarket-Thread] INFO  AsyncEventProcessor  - processHyperEnterOrderEvent added in method map
18:52:13,759 [Thread-SC-0] DEBUG SDMAStrategy  - [S1-20141113-185213-711-1300P] Received child order update: FILLED - [S1-20141113-185213-740-1984C, AUDUSD, Buy, 0.0, 100000.0, test1, test1, , FILLED, 100000.0, 0.9, MARKET, S1-20141113-185213-711-1300P, S1-20141113-185213-711-1300P, null], message: null
18:52:13,759 [Thread-SC-0] DEBUG ParentOrder  - cumtQty, avgPx: 100000.0, 0.9
18:52:13,760 [Thread-SC-0] DEBUG DefaultExecutionManager  - Received child order update: FILLED - [S1-20141113-185213-740-1984C, AUDUSD, Buy, 0.0, 100000.0, test1, test1, , FILLED, 100000.0, 0.9, MARKET, S1-20141113-185213-711-1300P, S1-20141113-185213-711-1300P, null]
18:52:13,760 [Thread-SC-0] DEBUG SDMAStrategy  - [S1-20141113-185213-711-1300P] Child order new: S1-20141113-185213-740-1984C
18:52:13,760 [Thread-SC-0] DEBUG SDMAStrategy  - [S1-20141113-185213-711-1300P] Transaction completed: S1-20141113-185213-752-0052EI, true
18:52:13,760 [Thread-SC-0] DEBUG Strategy  - Executing with configured timing: class com.cyanspring.common.event.strategy.ExecutionInstructionResponseEvent : NOW
18:52:13,761 [Thread-SC-0] INFO  SDMAStrategy  - [S1-20141113-185213-711-1300P] Strategy completed
18:52:13,761 [Thread-SC-0] INFO  SDMAStrategy  - [S1-20141113-185213-711-1300P] Strategy terminated
18:52:13,766 [OrderManager] DEBUG OrderManager  - Received child order update: FILLED - [S1-20141113-185213-740-1984C, AUDUSD, Buy, 0.0, 100000.0, test1, test1, , FILLED, 100000.0, 0.9, MARKET, S1-20141113-185213-711-1300P, S1-20141113-185213-711-1300P, null]
18:52:13,767 [OrderManager] WARN  OrderManager  - Completed child order without existing record: [S1-20141113-185213-740-1984C, AUDUSD, Buy, 0.0, 100000.0, test1, test1, , FILLED, 100000.0, 0.9, MARKET, S1-20141113-185213-711-1300P, S1-20141113-185213-711-1300P, null]; S1-20141113-185213-711-1300P
18:52:13,770 [OrderManager] DEBUG OrderManager  - Received parent order update: FILLED, [S1-20141113-185213-711-1300P, AUDUSD, Buy, 0.0, 100000.0, test1, test1, , FILLED, 100000.0, 0.9, Market, Running]
18:52:13,771 [OrderManager] DEBUG OrderManager  - UpdateParentOrderEvent difference: {LastPx=0.9, AvgPx=0.9, Status=FILLED, Modified=Thu Nov 13 18:52:13 CST 2014, CumQty=100000.0, Seq ID=S1-20141113-185213-760-2088, LastShares=100000.0}
18:52:13,773 [OrderManager] DEBUG OrderManager  - Received parent order update: RESTATED, [S1-20141113-185213-711-1300P, AUDUSD, Buy, 0.0, 100000.0, test1, test1, , FILLED, 100000.0, 0.9, Market, Terminated]
18:52:13,773 [OrderManager] DEBUG OrderManager  - UpdateParentOrderEvent difference: {State=Terminated, Modified=Thu Nov 13 18:52:13 CST 2014, Seq ID=S1-20141113-185213-760-2088}
18:52:13,776 [UserAccountManager] DEBUG AccountPositionManager  - Process execution: [S1-20141113-185213-758-1529E, AUDUSD, Buy, 0.9, 100000.0, test1, test1, ]
18:52:13,908 [AlertManager] DEBUG ParseAlertSender  - Parse message: { "where": {"userId": "test1" , "deviceType": { "$in": [ "ios", "android", "winphone", "js" ] }}, "data": {"alert": "Trade AUDUSD Buy 100000@0.9","8004":"test1S1-20141113-185213-762-1657","8006":"2","action":"com.hkfdt.activity.UPDATE_STATUS","1014":"2014-11-13 18:52:13","8007":"AUDUSD,0.9,100000,BOUGHT", "badge": "Increment"}}
18:52:13,984 [PersistenceManager] INFO  DefaultDeleteEventListener  - handling transient entity in delete processing
18:52:15,381 [AlertManager] DEBUG ParseAlertSender  - Return code: 200
18:52:18,648 [MarketDataManager] DEBUG MarketDataManager  - QuoteSubEvent: AUDUSD, Test.EB.S1
18:55:42,382 [main] DEBUG Server  - 
18:55:42,382 [main] DEBUG Server  - >>>> CLOSING DOWN SERVER, PLEASE WAIT FOR ALL COMPONENTS CLEAN SHUTDOWN <<<
18:55:42,382 [main] DEBUG Server  - 
18:55:42,389 [Thread-SC-0] INFO  SDMAStrategy  - [S1-20141113-185213-711-1300P] Strategy completed
18:55:44,389 [main] INFO  Server  - uninitialising server
18:55:44,389 [main] INFO  AlertManager  - Uninitialising...
18:55:44,391 [main] INFO  UpStreamManager  - uninitialising
18:55:44,392 [main] INFO  TickDataManager  - uninitialising
18:55:44,398 [main] INFO  DownStreamManager  - uninitialising
18:55:44,398 [main] INFO  MarketDataManager  - uninitialising
18:55:44,399 [main] INFO  RefDataManager  - uninitialising
18:55:44,400 [main] INFO  PersistenceManager  - uninitialising
18:55:44,555 [main] INFO  PersistenceManager  - Embedded SQL server stopped
18:55:44,555 [main] DEBUG RemoteEventManager  - Closing transport...
18:55:44,567 [main] INFO  BrokerService  - ActiveMQ Message Broker (localhost, ID:PC-HP-51007-1415875829320-1:1) is shutting down
18:55:44,973 [main] INFO  TransportConnector  - Connector tcp://localHost:61616 Stopped
18:55:45,012 [main] INFO  BrokerService  - ActiveMQ JMS Message Broker (localhost, ID:PC-HP-51007-1415875829320-1:1) stopped
