18:31:38,051 [main] INFO  FileSystemXmlApplicationContext  - Refreshing org.springframework.context.support.FileSystemXmlApplicationContext@3ff2cea2: startup date [Mon Nov 10 18:31:38 CST 2014]; root of context hierarchy
18:31:38,165 [main] INFO  XmlBeanDefinitionReader  - Loading XML bean definitions from file [C:\projects\algo\server\conf\server_hyper.xml]
18:31:38,420 [main] INFO  XmlBeanDefinitionReader  - Loading XML bean definitions from file [C:\projects\algo\server\conf\business.xml]
18:31:38,524 [main] INFO  XmlBeanDefinitionReader  - Loading XML bean definitions from file [C:\projects\algo\server\conf\strategy.xml]
18:31:38,605 [main] INFO  XmlBeanDefinitionReader  - Loading XML bean definitions from file [C:\projects\algo\server\conf\built-in.xml]
18:31:38,648 [main] INFO  XmlBeanDefinitionReader  - Loading XML bean definitions from URL [file:/C:/projects/algo/common/target/classes/conf/common.xml]
18:31:38,696 [main] INFO  XmlBeanDefinitionReader  - Loading XML bean definitions from file [C:\projects\algo\server\conf\MarketSession.xml]
18:31:38,760 [main] INFO  XmlBeanDefinitionReader  - Loading XML bean definitions from file [C:\projects\algo\server\conf\persistence.xml]
18:31:39,289 [main] INFO  DefaultListableBeanFactory  - Pre-instantiating singletons in org.springframework.beans.factory.support.DefaultListableBeanFactory@35f38fc6: defining beans [org.springframework.context.annotation.internalConfigurationAnnotationProcessor,org.springframework.context.annotation.internalAutowiredAnnotationProcessor,org.springframework.context.annotation.internalRequiredAnnotationProcessor,org.springframework.context.annotation.internalCommonAnnotationProcessor,parentOrderValidator,orderFieldValidator,strategyOrderValidator,parentOrderPreCheck,creditValidator,fixToOrderMap,fixParentOrderConverter,fixDataConverter,utcTimeOnlyConverter,parentOrderDefaultValueFiller,defaultStartEndTime,org.springframework.beans.factory.config.MethodInvokingFactoryBean#0,strategyFactory,globalStrategySettings,singleOrderCommonDisplayFields,singleInstrumentCommonDisplayFields,multiInstrumentCommonDisplayFields,multiInstrumentCommonInstrumentDisplayFields,singleOrderCommonFieldDefs,singleInstrumentCommonFieldDefs,multiInstrumentCommonFieldDefs,multiInstrumentCommonInstrumentFieldDefs,org.springframework.beans.factory.config.MethodInvokingFactoryBean#1,org.springframework.beans.factory.config.MethodInvokingFactoryBean#2,org.springframework.beans.factory.config.MethodInvokingFactoryBean#3,org.springframework.beans.factory.config.MethodInvokingFactoryBean#4,defaultExecutionAnalyzer,defaultExecutionManager,dataConverter,quantityConverter,priceConverter,marketSessionManager,dataSource,sessionFactory,setDerbyLog,server,systemInfo,transportService,eventManager,persistenceManager,mdManager,simMarketDataAdaptor,simExchange,strategyContainer,orderManager,scheduleManager,hkexTickTable,forexTickTable,tickTableManager,businessManager,accountPositionManager,userKeeper,accountKeeper,positionKeeper,fxConverter,autoRunner,tickDataManager,tickDataWriter,refDataManager,userRecoveryProcessor,accountRecoveryProcessor,accountSettingRecoveryProcessor,positionRecoveryProcessor,executionRecoveryProcessor,strategyRecoveryProcessor,alertManager,parseAlertSender,downStreamManager,hyperDownStreamAdaptor,hyperDownStreamConnection,upStreamManager]; root of factory hierarchy
18:31:40,479 [main] INFO  Version  - Hibernate Commons Annotations 3.2.0.Final
18:31:40,488 [main] INFO  Environment  - Hibernate 3.6.3.Final
18:31:40,492 [main] INFO  Environment  - hibernate.properties not found
18:31:40,497 [main] INFO  Environment  - Bytecode provider name : javassist
18:31:40,502 [main] INFO  Environment  - using JDK 1.4 java.sql.Timestamp handling
18:31:40,710 [main] INFO  LocalSessionFactoryBean  - Building new Hibernate SessionFactory
18:31:40,778 [main] INFO  HbmBinder  - Mapping class: com.cyanspring.common.business.Execution -> ANYONE.EXECUTIONS
18:31:40,799 [main] INFO  HbmBinder  - Mapping class: com.cyanspring.common.business.ChildOrder -> ANYONE.ACTIVE_CHILD_ORDERS
18:31:40,801 [main] INFO  HbmBinder  - Mapping class: com.cyanspring.server.persistence.ChildOrderAudit -> ANYONE.CHILD_ORDER_AUDIT
18:31:40,804 [main] INFO  HbmBinder  - Mapping class: com.cyanspring.server.persistence.TextObject -> ANYONE.TEXT_OBJECTS
18:31:40,807 [main] INFO  HbmBinder  - Mapping class: com.cyanspring.common.account.User -> ANYONE.USERS
18:31:40,809 [main] INFO  HbmBinder  - Mapping class: com.cyanspring.common.account.Account -> ANYONE.ACCOUNTS
18:31:40,810 [main] INFO  HbmBinder  - Mapping class: com.cyanspring.common.account.AccountDaily -> ANYONE.ACCOUNTS_DAILY
18:31:40,812 [main] INFO  HbmBinder  - Mapping class: com.cyanspring.common.account.Position -> Position
18:31:40,828 [main] INFO  HbmBinder  - Mapping union-subclass: com.cyanspring.common.account.OpenPosition -> ANYONE.OPEN_POSITIONS
18:31:40,829 [main] INFO  HbmBinder  - Mapping union-subclass: com.cyanspring.common.account.ClosedPosition -> ANYONE.CLOSED_POSITIONS
18:31:40,830 [main] INFO  HbmBinder  - Mapping class: com.cyanspring.common.account.AccountSetting -> ANYONE.ACCOUNT_SETTINGS
18:31:40,852 [main] INFO  Configuration  - Hibernate Validator not found: ignoring
18:31:40,866 [main] INFO  HibernateSearchEventListenerRegister  - Unable to find org.hibernate.search.event.FullTextIndexEventListener on the classpath. Hibernate Search is not enabled.
18:31:40,916 [main] WARN  RootClass  - composite-id class does not override equals(): com.cyanspring.common.account.AccountDaily
18:31:40,916 [main] WARN  RootClass  - composite-id class does not override hashCode(): com.cyanspring.common.account.AccountDaily
18:31:40,930 [main] WARN  RootClass  - composite-id class does not override equals(): com.cyanspring.server.persistence.TextObject
18:31:40,930 [main] WARN  RootClass  - composite-id class does not override hashCode(): com.cyanspring.server.persistence.TextObject
18:31:40,934 [main] INFO  ConnectionProviderFactory  - Initializing connection provider: org.springframework.orm.hibernate3.LocalDataSourceConnectionProvider
18:31:41,603 [main] INFO  Dialect  - Using dialect: org.hibernate.dialect.DerbyDialect
18:31:41,633 [main] INFO  SettingsFactory  - Database ->
       name : Apache Derby
    version : 10.8.2.2 - (1181258)
      major : 10
      minor : 8
18:31:41,634 [main] INFO  SettingsFactory  - Driver ->
       name : Apache Derby Embedded JDBC Driver
    version : 10.8.2.2 - (1181258)
      major : 10
      minor : 8
18:31:41,636 [main] INFO  TransactionFactoryFactory  - Using default transaction strategy (direct JDBC transactions)
18:31:41,638 [main] INFO  TransactionManagerLookupFactory  - No TransactionManagerLookup configured (in JTA environment, use of read-write or transactional second-level cache is not recommended)
18:31:41,638 [main] INFO  SettingsFactory  - Automatic flush during beforeCompletion(): disabled
18:31:41,638 [main] INFO  SettingsFactory  - Automatic session close at end of transaction: disabled
18:31:41,639 [main] INFO  SettingsFactory  - Scrollable result sets: enabled
18:31:41,639 [main] INFO  SettingsFactory  - JDBC3 getGeneratedKeys(): disabled
18:31:41,639 [main] INFO  SettingsFactory  - Connection release mode: on_close
18:31:41,640 [main] INFO  SettingsFactory  - Default batch fetch size: 1
18:31:41,640 [main] INFO  SettingsFactory  - Generate SQL with comments: disabled
18:31:41,640 [main] INFO  SettingsFactory  - Order SQL updates by primary key: disabled
18:31:41,640 [main] INFO  SettingsFactory  - Order SQL inserts for batching: disabled
18:31:41,640 [main] INFO  SettingsFactory  - Query translator: org.hibernate.hql.ast.ASTQueryTranslatorFactory
18:31:41,643 [main] INFO  ASTQueryTranslatorFactory  - Using ASTQueryTranslatorFactory
18:31:41,643 [main] INFO  SettingsFactory  - Query language substitutions: {}
18:31:41,643 [main] INFO  SettingsFactory  - JPA-QL strict compliance: disabled
18:31:41,643 [main] INFO  SettingsFactory  - Second-level cache: enabled
18:31:41,643 [main] INFO  SettingsFactory  - Query cache: disabled
18:31:41,644 [main] INFO  SettingsFactory  - Cache region factory : org.hibernate.cache.impl.NoCachingRegionFactory
18:31:41,645 [main] INFO  SettingsFactory  - Optimize cache for minimal puts: disabled
18:31:41,646 [main] INFO  SettingsFactory  - Structured second-level cache entries: disabled
18:31:41,653 [main] INFO  SettingsFactory  - Statistics: disabled
18:31:41,653 [main] INFO  SettingsFactory  - Deleted entity synthetic identifier rollback: disabled
18:31:41,653 [main] INFO  SettingsFactory  - Default entity-mode: pojo
18:31:41,653 [main] INFO  SettingsFactory  - Named query checking : enabled
18:31:41,653 [main] INFO  SettingsFactory  - Check Nullability in Core (should be disabled when Bean Validation is on): enabled
18:31:41,681 [main] INFO  SessionFactoryImpl  - building session factory
18:31:41,692 [main] INFO  BasicTypeRegistry  - Type registration [wrapper_materialized_blob] overrides previous : org.hibernate.type.WrappedMaterializedBlobType@8aee908
18:31:41,693 [main] INFO  BasicTypeRegistry  - Type registration [characters_clob] overrides previous : org.hibernate.type.PrimitiveCharacterArrayClobType@134510ac
18:31:41,693 [main] INFO  BasicTypeRegistry  - Type registration [wrapper_characters_clob] overrides previous : org.hibernate.type.CharacterArrayClobType@1b499616
18:31:41,693 [main] INFO  BasicTypeRegistry  - Type registration [blob] overrides previous : org.hibernate.type.BlobType@7c1c8c58
18:31:41,693 [main] INFO  BasicTypeRegistry  - Type registration [java.sql.Blob] overrides previous : org.hibernate.type.BlobType@7c1c8c58
18:31:41,693 [main] INFO  BasicTypeRegistry  - Type registration [clob] overrides previous : org.hibernate.type.ClobType@36422510
18:31:41,693 [main] INFO  BasicTypeRegistry  - Type registration [java.sql.Clob] overrides previous : org.hibernate.type.ClobType@36422510
18:31:41,693 [main] INFO  BasicTypeRegistry  - Type registration [materialized_clob] overrides previous : org.hibernate.type.MaterializedClobType@308f5944
18:31:41,694 [main] INFO  BasicTypeRegistry  - Type registration [materialized_blob] overrides previous : org.hibernate.type.MaterializedBlobType@132d9844
18:31:42,045 [main] INFO  SessionFactoryObjectFactory  - Not binding factory to JNDI, no JNDI name configured
18:31:42,349 [main] INFO  Server  - SystemInfo: Test:EB:S1:tcp://localhost:61616
18:31:42,629 [main] INFO  BrokerService  - Using Persistence Adapter: MemoryPersistenceAdapter
18:31:42,631 [main] INFO  BrokerService  - ActiveMQ 5.5.0 JMS Message Broker (localhost) is starting
18:31:42,631 [main] INFO  BrokerService  - For help or more information please see: http://activemq.apache.org/
18:31:42,673 [JMX connector] INFO  ManagementContext  - JMX consoles can connect to service:jmx:rmi:///jndi/rmi://localhost:1099/jmxrmi
18:31:42,784 [main] INFO  TransportServerThreadSupport  - Listening for connections at: tcp://127.0.0.1:61616
18:31:42,785 [main] INFO  TransportConnector  - Connector tcp://localHost:61616 Started
18:31:42,790 [main] INFO  BrokerService  - ActiveMQ JMS Message Broker (localhost, ID:PC-HP-50081-1415615499698-1:1) started
18:31:43,186 [main] DEBUG Server  - ScheduleManager initialized
18:31:43,187 [main] DEBUG Server  - PersistenceManager initialized
18:31:43,187 [main] INFO  PersistenceManager  - initialising
18:31:43,269 [main] INFO  PersistenceManager  - Embedded SQL server started
18:31:43,812 [main] DEBUG PersistenceManager  - USER Records deleted: 0
18:31:43,838 [main] DEBUG PersistenceManager  - ACCOUNT Records deleted: 0
18:31:43,864 [main] DEBUG PersistenceManager  - CLOSED_POSITION Records deleted: 0
18:31:43,889 [main] DEBUG PersistenceManager  - OPEN_POSITION Records deleted: 0
18:31:43,925 [main] DEBUG PersistenceManager  - TextObject Records deleted: 0
18:31:43,936 [main] WARN  HQLQueryPlan  - manipulation query [delete from ChildOrder where created < :created and serverId = :serverId] resulted in [2] split queries
18:31:43,989 [main] DEBUG PersistenceManager  - ChildOrder Records deleted: 0
18:31:43,996 [main] DEBUG PersistenceManager  - ChildOrderAudit Records deleted: 0
18:31:44,032 [main] DEBUG PersistenceManager  - Execution Records deleted: 0
18:31:44,036 [main] DEBUG Server  - OrderManager initialized
18:31:44,037 [main] DEBUG Server  - BusinessManager initialized
18:31:44,041 [main] INFO  StrategyFactory  - loading strategy jar file: strategies\cyanspring-custom-2.56.jar
18:31:44,043 [main] INFO  ClassEnumerator  - Reading JAR file: 'strategies/cyanspring-custom-2.56.jar'
18:31:44,052 [main] INFO  StrategyFactory  - discovered custom strategy: class com.cyanspring.custom.strategy.CustomStrategy1
18:31:44,052 [main] INFO  StrategyFactory  - Loading conf/CustomStrategy1.xml from cyanspring-custom-2.56.jar
18:31:44,058 [main] INFO  XmlBeanDefinitionReader  - Loading XML bean definitions from resource loaded through InputStream
18:31:44,063 [main] INFO  GenericApplicationContext  - Refreshing org.springframework.context.support.GenericApplicationContext@7213f866: startup date [Mon Nov 10 18:31:44 CST 2014]; parent: org.springframework.context.support.FileSystemXmlApplicationContext@3ff2cea2
18:31:44,064 [main] INFO  DefaultListableBeanFactory  - Pre-instantiating singletons in org.springframework.beans.factory.support.DefaultListableBeanFactory@223c8087: defining beans [customStrategy1]; parent: org.springframework.beans.factory.support.DefaultListableBeanFactory@35f38fc6
18:31:44,095 [main] INFO  StrategyFactory  - Registered strategy CUSTOM1 to bean customStrategy1
18:31:44,095 [main] INFO  StrategyFactory  - discovered custom strategy: class com.cyanspring.custom.strategy.CustomStrategy2
18:31:44,095 [main] INFO  StrategyFactory  - Loading conf/CustomStrategy2.xml from cyanspring-custom-2.56.jar
18:31:44,096 [main] INFO  XmlBeanDefinitionReader  - Loading XML bean definitions from resource loaded through InputStream
18:31:44,103 [main] INFO  GenericApplicationContext  - Refreshing org.springframework.context.support.GenericApplicationContext@2d9dc72f: startup date [Mon Nov 10 18:31:44 CST 2014]; parent: org.springframework.context.support.FileSystemXmlApplicationContext@3ff2cea2
18:31:44,105 [main] INFO  DefaultListableBeanFactory  - Pre-instantiating singletons in org.springframework.beans.factory.support.DefaultListableBeanFactory@1ac8210: defining beans [customStrategy2FieldDefs,customStrategy2InstrumentFieldDefs,customStrategy2]; parent: org.springframework.beans.factory.support.DefaultListableBeanFactory@35f38fc6
18:31:44,126 [main] INFO  StrategyFactory  - Registered strategy CUSTOM2 to bean customStrategy2
18:31:44,126 [main] INFO  StrategyFactory  - loading strategy jar file: strategies\cyanspring-sample-2.56.jar
18:31:44,126 [main] INFO  ClassEnumerator  - Reading JAR file: 'strategies/cyanspring-sample-2.56.jar'
18:31:44,155 [main] INFO  StrategyFactory  - discovered custom strategy: class com.cyanspring.sample.custom.DummyStrategy
18:31:44,155 [main] INFO  StrategyFactory  - Loading conf/DummyStrategy.xml from cyanspring-sample-2.56.jar
18:31:44,159 [main] INFO  XmlBeanDefinitionReader  - Loading XML bean definitions from resource loaded through InputStream
18:31:44,164 [main] INFO  GenericApplicationContext  - Refreshing org.springframework.context.support.GenericApplicationContext@64fe7a67: startup date [Mon Nov 10 18:31:44 CST 2014]; parent: org.springframework.context.support.FileSystemXmlApplicationContext@3ff2cea2
18:31:44,165 [main] INFO  DefaultListableBeanFactory  - Pre-instantiating singletons in org.springframework.beans.factory.support.DefaultListableBeanFactory@323f348a: defining beans [dummyStrategy]; parent: org.springframework.beans.factory.support.DefaultListableBeanFactory@35f38fc6
18:31:44,180 [main] INFO  StrategyFactory  - Registered strategy DUMMY to bean dummyStrategy
18:31:44,180 [main] INFO  StrategyFactory  - discovered custom strategy: class com.cyanspring.sample.custom.MarketMakingStrategy
18:31:44,180 [main] INFO  StrategyFactory  - Loading conf/MarketMakingStrategy.xml from cyanspring-sample-2.56.jar
18:31:44,181 [main] INFO  XmlBeanDefinitionReader  - Loading XML bean definitions from resource loaded through InputStream
18:31:44,187 [main] INFO  GenericApplicationContext  - Refreshing org.springframework.context.support.GenericApplicationContext@37dc299: startup date [Mon Nov 10 18:31:44 CST 2014]; parent: org.springframework.context.support.FileSystemXmlApplicationContext@3ff2cea2
18:31:44,189 [main] INFO  DefaultListableBeanFactory  - Pre-instantiating singletons in org.springframework.beans.factory.support.DefaultListableBeanFactory@1e5003f6: defining beans [markingMakingStrategyFieldDefs,markingMakingStrategyInstrumentFieldDefs,marketMakingStrategy]; parent: org.springframework.beans.factory.support.DefaultListableBeanFactory@35f38fc6
18:31:44,212 [main] INFO  StrategyFactory  - Registered strategy MARKET_MAKING to bean marketMakingStrategy
18:31:44,212 [main] INFO  StrategyFactory  - discovered custom strategy: class com.cyanspring.sample.custom.TrendingStrategy
18:31:44,212 [main] INFO  StrategyFactory  - Loading conf/TrendingStrategy.xml from cyanspring-sample-2.56.jar
18:31:44,214 [main] INFO  XmlBeanDefinitionReader  - Loading XML bean definitions from resource loaded through InputStream
18:31:44,220 [main] INFO  GenericApplicationContext  - Refreshing org.springframework.context.support.GenericApplicationContext@7aa06577: startup date [Mon Nov 10 18:31:44 CST 2014]; parent: org.springframework.context.support.FileSystemXmlApplicationContext@3ff2cea2
18:31:44,222 [main] INFO  DefaultListableBeanFactory  - Pre-instantiating singletons in org.springframework.beans.factory.support.DefaultListableBeanFactory@37176e8a: defining beans [trendingStrategyFieldDefs,trendingStrategyInstrumentFieldDefs,trendingStrategy]; parent: org.springframework.beans.factory.support.DefaultListableBeanFactory@35f38fc6
18:31:44,246 [main] INFO  StrategyFactory  - Registered strategy TRENDING to bean trendingStrategy
18:31:44,246 [main] INFO  StrategyFactory  - discovered custom strategy: class com.cyanspring.sample.multiinstrument.dollarneutral.DollarNeutralStrategy
18:31:44,246 [main] INFO  StrategyFactory  - Loading conf/DollarNeutralStrategy.xml from cyanspring-sample-2.56.jar
18:31:44,247 [main] INFO  XmlBeanDefinitionReader  - Loading XML bean definitions from resource loaded through InputStream
18:31:44,256 [main] INFO  GenericApplicationContext  - Refreshing org.springframework.context.support.GenericApplicationContext@27aea0c1: startup date [Mon Nov 10 18:31:44 CST 2014]; parent: org.springframework.context.support.FileSystemXmlApplicationContext@3ff2cea2
18:31:44,258 [main] INFO  DefaultListableBeanFactory  - Pre-instantiating singletons in org.springframework.beans.factory.support.DefaultListableBeanFactory@37b3e1c9: defining beans [dollarNeutralStrategyFieldDefs,dollarNeutralInstrumentFieldDefs,dollarNeutralStrategy]; parent: org.springframework.beans.factory.support.DefaultListableBeanFactory@35f38fc6
18:31:44,279 [main] INFO  StrategyFactory  - Registered strategy DOLLAR_NEUTRAL to bean dollarNeutralStrategy
18:31:44,279 [main] INFO  StrategyFactory  - discovered custom strategy: class com.cyanspring.sample.multiinstrument.lowhigh.LowHighStrategy
18:31:44,279 [main] INFO  StrategyFactory  - Loading conf/LowHighStrategy.xml from cyanspring-sample-2.56.jar
18:31:44,280 [main] INFO  XmlBeanDefinitionReader  - Loading XML bean definitions from resource loaded through InputStream
18:31:44,288 [main] INFO  GenericApplicationContext  - Refreshing org.springframework.context.support.GenericApplicationContext@56801919: startup date [Mon Nov 10 18:31:44 CST 2014]; parent: org.springframework.context.support.FileSystemXmlApplicationContext@3ff2cea2
18:31:44,291 [main] INFO  DefaultListableBeanFactory  - Pre-instantiating singletons in org.springframework.beans.factory.support.DefaultListableBeanFactory@7d480d96: defining beans [lowHighStrategyFieldDefs,lowHighInstrumentFieldDefs,lowHighStrategy]; parent: org.springframework.beans.factory.support.DefaultListableBeanFactory@35f38fc6
18:31:44,315 [main] INFO  StrategyFactory  - Registered strategy LOW_HIGH to bean lowHighStrategy
18:31:44,315 [main] INFO  StrategyFactory  - discovered custom strategy: class com.cyanspring.sample.singleinstrument.StopWinLossStrategy
18:31:44,315 [main] INFO  StrategyFactory  - Loading conf/StopWinLossStrategy.xml from cyanspring-sample-2.56.jar
18:31:44,317 [main] INFO  XmlBeanDefinitionReader  - Loading XML bean definitions from resource loaded through InputStream
18:31:44,324 [main] INFO  GenericApplicationContext  - Refreshing org.springframework.context.support.GenericApplicationContext@54c21095: startup date [Mon Nov 10 18:31:44 CST 2014]; parent: org.springframework.context.support.FileSystemXmlApplicationContext@3ff2cea2
18:31:44,326 [main] INFO  DefaultListableBeanFactory  - Pre-instantiating singletons in org.springframework.beans.factory.support.DefaultListableBeanFactory@54d81cda: defining beans [stopWinLossStrategy]; parent: org.springframework.beans.factory.support.DefaultListableBeanFactory@35f38fc6
18:31:44,347 [main] INFO  StrategyFactory  - Registered strategy STOP_WIN_LOSS to bean stopWinLossStrategy
18:31:44,347 [main] INFO  StrategyFactory  - discovered custom strategy: class com.cyanspring.sample.singleorder.iceberg.IcebergStrategy
18:31:44,347 [main] INFO  StrategyFactory  - Loading conf/IcebergStrategy.xml from cyanspring-sample-2.56.jar
18:31:44,348 [main] INFO  XmlBeanDefinitionReader  - Loading XML bean definitions from resource loaded through InputStream
18:31:44,353 [main] INFO  GenericApplicationContext  - Refreshing org.springframework.context.support.GenericApplicationContext@7ddae27f: startup date [Mon Nov 10 18:31:44 CST 2014]; parent: org.springframework.context.support.FileSystemXmlApplicationContext@3ff2cea2
18:31:44,355 [main] INFO  DefaultListableBeanFactory  - Pre-instantiating singletons in org.springframework.beans.factory.support.DefaultListableBeanFactory@1de9c46d: defining beans [icebergStrategy]; parent: org.springframework.beans.factory.support.DefaultListableBeanFactory@35f38fc6
18:31:44,370 [main] INFO  StrategyFactory  - Registered strategy ICEBERG to bean icebergStrategy
18:31:44,370 [main] INFO  StrategyFactory  - discovered custom strategy: class com.cyanspring.sample.singleorder.peg.PegStrategy
18:31:44,370 [main] INFO  StrategyFactory  - Loading conf/PegStrategy.xml from cyanspring-sample-2.56.jar
18:31:44,372 [main] INFO  XmlBeanDefinitionReader  - Loading XML bean definitions from resource loaded through InputStream
18:31:44,376 [main] INFO  GenericApplicationContext  - Refreshing org.springframework.context.support.GenericApplicationContext@4ba5fc52: startup date [Mon Nov 10 18:31:44 CST 2014]; parent: org.springframework.context.support.FileSystemXmlApplicationContext@3ff2cea2
18:31:44,377 [main] INFO  DefaultListableBeanFactory  - Pre-instantiating singletons in org.springframework.beans.factory.support.DefaultListableBeanFactory@4da84fae: defining beans [pegStrategy]; parent: org.springframework.beans.factory.support.DefaultListableBeanFactory@35f38fc6
18:31:44,393 [main] INFO  StrategyFactory  - Registered strategy PEG to bean pegStrategy
18:31:44,393 [main] INFO  StrategyFactory  - discovered custom strategy: class com.cyanspring.sample.singleorder.pov.POVStrategy
18:31:44,393 [main] INFO  StrategyFactory  - Loading conf/POVStrategy.xml from cyanspring-sample-2.56.jar
18:31:44,395 [main] INFO  XmlBeanDefinitionReader  - Loading XML bean definitions from resource loaded through InputStream
18:31:44,399 [main] INFO  GenericApplicationContext  - Refreshing org.springframework.context.support.GenericApplicationContext@621b6c74: startup date [Mon Nov 10 18:31:44 CST 2014]; parent: org.springframework.context.support.FileSystemXmlApplicationContext@3ff2cea2
18:31:44,399 [main] INFO  DefaultListableBeanFactory  - Pre-instantiating singletons in org.springframework.beans.factory.support.DefaultListableBeanFactory@4ffac352: defining beans [povStrategy]; parent: org.springframework.beans.factory.support.DefaultListableBeanFactory@35f38fc6
18:31:44,413 [main] INFO  StrategyFactory  - Registered strategy POV to bean povStrategy
18:31:44,414 [main] INFO  StrategyFactory  - discovered custom strategy: class com.cyanspring.sample.singleorder.sdma.SDMAStrategy
18:31:44,414 [main] INFO  StrategyFactory  - Loading conf/SDMAStrategy.xml from cyanspring-sample-2.56.jar
18:31:44,415 [main] INFO  XmlBeanDefinitionReader  - Loading XML bean definitions from resource loaded through InputStream
18:31:44,420 [main] INFO  GenericApplicationContext  - Refreshing org.springframework.context.support.GenericApplicationContext@62d77f83: startup date [Mon Nov 10 18:31:44 CST 2014]; parent: org.springframework.context.support.FileSystemXmlApplicationContext@3ff2cea2
18:31:44,421 [main] INFO  DefaultListableBeanFactory  - Pre-instantiating singletons in org.springframework.beans.factory.support.DefaultListableBeanFactory@54498364: defining beans [sdmaStrategy,sdmaPriceAnalyzer]; parent: org.springframework.beans.factory.support.DefaultListableBeanFactory@35f38fc6
18:31:44,451 [main] INFO  StrategyFactory  - Registered strategy SDMA to bean sdmaStrategy
18:31:44,451 [main] INFO  StrategyFactory  - discovered custom strategy: class com.cyanspring.sample.singleorder.sniper.SniperStrategy
18:31:44,451 [main] INFO  StrategyFactory  - Loading conf/SniperStrategy.xml from cyanspring-sample-2.56.jar
18:31:44,452 [main] INFO  XmlBeanDefinitionReader  - Loading XML bean definitions from resource loaded through InputStream
18:31:44,456 [main] INFO  GenericApplicationContext  - Refreshing org.springframework.context.support.GenericApplicationContext@103b1799: startup date [Mon Nov 10 18:31:44 CST 2014]; parent: org.springframework.context.support.FileSystemXmlApplicationContext@3ff2cea2
18:31:44,457 [main] INFO  DefaultListableBeanFactory  - Pre-instantiating singletons in org.springframework.beans.factory.support.DefaultListableBeanFactory@2ccf0d1f: defining beans [sniperStrategy]; parent: org.springframework.beans.factory.support.DefaultListableBeanFactory@35f38fc6
18:31:44,476 [main] INFO  StrategyFactory  - Registered strategy SNIPER to bean sniperStrategy
18:31:44,476 [main] INFO  StrategyFactory  - discovered custom strategy: class com.cyanspring.sample.singleorder.stop.StopStrategy
18:31:44,476 [main] INFO  StrategyFactory  - Loading conf/StopStrategy.xml from cyanspring-sample-2.56.jar
18:31:44,477 [main] INFO  XmlBeanDefinitionReader  - Loading XML bean definitions from resource loaded through InputStream
18:31:44,483 [main] INFO  GenericApplicationContext  - Refreshing org.springframework.context.support.GenericApplicationContext@700dce12: startup date [Mon Nov 10 18:31:44 CST 2014]; parent: org.springframework.context.support.FileSystemXmlApplicationContext@3ff2cea2
18:31:44,484 [main] INFO  DefaultListableBeanFactory  - Pre-instantiating singletons in org.springframework.beans.factory.support.DefaultListableBeanFactory@31395750: defining beans [stopStrategy]; parent: org.springframework.beans.factory.support.DefaultListableBeanFactory@35f38fc6
18:31:44,501 [main] INFO  StrategyFactory  - Registered strategy STOP to bean stopStrategy
18:31:44,522 [main] DEBUG MarketSessionManager  - Session start time: AM_NO_TRADING : Mon Nov 10 00:00:00 CST 2014
18:31:44,524 [main] DEBUG MarketSessionManager  - Session start time: AM_OPEN_AUCTION : Mon Nov 10 09:00:00 CST 2014
18:31:44,525 [main] DEBUG MarketSessionManager  - Session start time: AM_OPEN_AUCTION_MARKET_TYPE_ONLY : Mon Nov 10 09:15:00 CST 2014
18:31:44,525 [main] DEBUG MarketSessionManager  - Session start time: AM_OPEN_AUCTION_BLOCKING : Mon Nov 10 09:20:00 CST 2014
18:31:44,527 [main] DEBUG MarketSessionManager  - Session start time: AM_CONTINUOUS_TRADING : Mon Nov 10 09:30:00 CST 2014
18:31:44,528 [main] DEBUG MarketSessionManager  - Session start time: LUNCH_BLOCKING : Mon Nov 10 12:00:00 CST 2014
18:31:44,529 [main] DEBUG MarketSessionManager  - Session start time: LUNCH_BLOCKING_AMEND_CANCEL_ALLOW : Mon Nov 10 13:00:00 CST 2014
18:31:44,529 [main] DEBUG MarketSessionManager  - Session start time: PM_CONTINUOUS_TRADING : Mon Nov 10 13:30:00 CST 2014
18:31:44,529 [main] DEBUG MarketSessionManager  - Session start time: PM_NO_TRADING : Mon Nov 10 16:00:00 CST 2014
18:31:44,529 [main] INFO  RefDataManager  - initialising with refdata/refData_test.xml
18:31:44,600 [main] INFO  MarketDataManager  - initialising
18:31:44,601 [main] INFO  MarketDataManager  - MarketData feed is up
18:31:44,602 [main] DEBUG MarketDataManager  - Market data presubscribe: [AUDUSD, USDJPY, USDCHF, USDCAD, EURUSD, EURJPY, GBPUSD, NZDUSD, GBPJPY]
18:31:44,602 [MarketDataManager] INFO  AsyncEventProcessor  - processAsyncTimerEvent added in method map
18:31:44,604 [MarketDataManager] INFO  AsyncEventProcessor  - processQuoteEvent added in method map
18:31:44,605 [main] INFO  DownStreamManager  - initialising
18:31:44,605 [Server] INFO  Server  - Market data is ready: true
18:31:44,606 [main] INFO  HyperDownStreamConnection  - subscribe to events...
18:31:44,606 [main] INFO  HyperDownStreamConnection  - Initialising...
18:31:44,608 [main] DEBUG TickDataManager  - Initialising TickDataManager....
18:31:44,609 [main] INFO  TickDataManager  - Existing tick directory: ticks
18:31:44,609 [Server] INFO  Server  - Down stream is ready: true
18:31:44,609 [Server] INFO  Server  - Down stream is ready: true
18:31:44,609 [main] INFO  UpStreamManager  - initialising
18:31:44,609 [main] WARN  AsyncEventProcessor  - Event subscription list is null or empty, nothing to work on
18:31:44,612 [main] INFO  AlertManager  - Initialising...
18:31:44,613 [main] INFO  AutoRunner  - Initialising AutoRunner
18:31:44,659 [main] INFO  Server  - Published my node info
18:31:44,661 [Server] INFO  AsyncEventProcessor  - processAsyncTimerEvent added in method map
18:31:44,695 [main] INFO  MarketReplay  - Market replay starts at: Mon Nov 10 18:31:44 CST 2014
18:31:44,708 [main] INFO  MarketReplay  - Market replay ends at: Mon Nov 10 18:31:44 CST 2014
18:31:44,925 [Thread-31] INFO  Server  - Users loaded: 11
18:31:45,064 [Thread-31] INFO  Server  - Accounts loaded: 11
18:31:45,100 [Thread-31] INFO  Server  - AccountSettings loaded: 1
18:31:45,198 [Thread-31] INFO  Server  - Open positions loaded: 5
18:31:45,298 [Thread-31] INFO  Server  - Closed positions loaded: 2
18:31:45,419 [Thread-31] INFO  Server  - Executions recovered: 9
18:31:45,479 [Thread-31] INFO  PersistenceManager  - loaded SINGLE_ORDER_STRATEGY 0
18:31:45,479 [Thread-31] INFO  PersistenceManager  - Deleted SINGLE_ORDER_STRATEGY 0 terminated items
18:31:45,482 [Thread-31] INFO  PersistenceManager  - loaded SINGLE_INSTRUMENT_STRATEGY 0
18:31:45,482 [Thread-31] INFO  PersistenceManager  - Deleted SINGLE_INSTRUMENT_STRATEGY 0 terminated items
18:31:45,485 [Thread-31] INFO  PersistenceManager  - loaded MULTI_INSTRUMENT_STRATEGY 0
18:31:45,485 [Thread-31] INFO  PersistenceManager  - Deleted MULTI_INSTRUMENT_STRATEGY 0 terminated items
18:31:45,485 [Thread-31] INFO  Server  - Strategies recovered: 0
18:31:45,485 [Thread-31] INFO  Server  - Server is ready: true
18:31:45,491 [Thread-30] DEBUG AsyncEventManager  - Event Stats: 
{class com.cyanspring.common.server.event.ServerReadyEvent=1, class com.cyanspring.common.event.account.CreateUserEvent=5, class com.cyanspring.common.server.event.MarketDataReadyEvent=1, class com.cyanspring.common.server.event.DownStreamReadyEvent=2, class com.cyanspring.common.event.system.NodeInfoEvent=1}
18:31:51,598 [MarketDataManager] WARN  MarketDataManager  - Invalid quote received: S1-20141110-183144-604-1521 - AUDUSD : [0.0@0.0,0.0@0.0][][]
18:31:51,602 [MarketDataManager] INFO  MarketDataManager  - valid quote received: S1-20141110-183144-705-1399 - AUDUSD : [200000.0@0.8,200000.0@0.9][[200000.0, 0.8]][[200000.0, 0.9]]
18:31:51,612 [MarketDataManager] WARN  MarketDataManager  - Invalid quote received: S1-20141110-183144-705-1400 - USDJPY : [200000.0@99.0,0.0@0.0][[200000.0, 99.0]][]
18:31:51,613 [MarketDataManager] INFO  MarketDataManager  - valid quote received: S1-20141110-183144-705-1401 - USDJPY : [200000.0@99.0,200000.0@100.0][[200000.0, 99.0]][[200000.0, 100.0]]
18:31:51,616 [MarketDataManager] WARN  MarketDataManager  - Invalid quote received: S1-20141110-183144-705-1402 - USDCHF : [200000.0@0.9525,0.0@0.0][[200000.0, 0.9525]][]
18:31:51,617 [MarketDataManager] INFO  MarketDataManager  - valid quote received: S1-20141110-183144-705-1403 - USDCHF : [200000.0@0.9525,200000.0@0.95455][[200000.0, 0.9525]][[200000.0, 0.95455]]
18:31:51,621 [MarketDataManager] WARN  MarketDataManager  - Invalid quote received: S1-20141110-183144-706-0985 - USDCAD : [200000.0@1.12365,0.0@0.0][[200000.0, 1.12365]][]
18:31:51,621 [MarketDataManager] INFO  MarketDataManager  - valid quote received: S1-20141110-183144-706-0986 - USDCAD : [200000.0@1.12365,200000.0@1.1253][[200000.0, 1.12365]][[200000.0, 1.1253]]
18:31:51,624 [MarketDataManager] WARN  MarketDataManager  - Invalid quote received: S1-20141110-183144-706-0987 - EURJPY : [200000.0@136.05,0.0@0.0][[200000.0, 136.05]][]
18:31:51,624 [MarketDataManager] INFO  MarketDataManager  - valid quote received: S1-20141110-183144-706-0988 - EURJPY : [200000.0@136.05,200000.0@137.5][[200000.0, 136.05]][[200000.0, 137.5]]
18:31:51,628 [MarketDataManager] WARN  MarketDataManager  - Invalid quote received: S1-20141110-183144-706-0989 - EURUSD : [200000.0@1.26365,0.0@0.0][[200000.0, 1.26365]][]
18:31:51,628 [MarketDataManager] INFO  MarketDataManager  - valid quote received: S1-20141110-183144-707-2155 - EURUSD : [200000.0@1.26365,200000.0@1.2643][[200000.0, 1.26365]][[200000.0, 1.2643]]
18:31:51,638 [MarketDataManager] WARN  MarketDataManager  - Invalid quote received: S1-20141110-183144-707-2156 - GBPUSD : [200000.0@1.66365,0.0@0.0][[200000.0, 1.66365]][]
18:31:51,638 [MarketDataManager] INFO  MarketDataManager  - valid quote received: S1-20141110-183144-707-2157 - GBPUSD : [200000.0@1.66365,200000.0@1.6643][[200000.0, 1.66365]][[200000.0, 1.6643]]
18:31:51,642 [MarketDataManager] WARN  MarketDataManager  - Invalid quote received: S1-20141110-183144-707-2158 - NZDUSD : [200000.0@0.77965,0.0@0.0][[200000.0, 0.77965]][]
18:31:51,643 [MarketDataManager] INFO  MarketDataManager  - valid quote received: S1-20141110-183144-707-2159 - NZDUSD : [200000.0@0.77965,200000.0@0.77995][[200000.0, 0.77965]][[200000.0, 0.77995]]
18:31:51,646 [MarketDataManager] WARN  MarketDataManager  - Invalid quote received: S1-20141110-183144-708-2023 - GBPJPY : [200000.0@176.05,0.0@0.0][[200000.0, 176.05]][]
18:31:51,646 [MarketDataManager] INFO  MarketDataManager  - valid quote received: S1-20141110-183144-708-2024 - GBPJPY : [200000.0@176.05,200000.0@177.5][[200000.0, 176.05]][[200000.0, 177.5]]
18:31:52,613 [UserAccountManager-Timer] INFO  AccountPositionManager  - FX rates: [USDJPY:99.0, AUDUSD:0.8, CADUSD:0.888651915044877, EURJPY:136.05, GBPJPY:176.05, NZDUSD:0.77965, USDEUR:0.7909515146721506, GBPUSD:1.66365, USDGBP:0.6008532115604158, JPYEUR:0.007272727272727273, JPYUSD:0.01, USDCAD:1.12365, JPYGBP:0.005633802816901409, USDNZD:1.2821334700942368, CHFUSD:1.0476140589806715, USDAUD:1.1111111111111112, USDCHF:0.9525, EURUSD:1.26365]
18:32:12,750 [MarketDataManager] WARN  MarketDataManager  - Invalid quote received: S1-20141110-183212-749-0608 - AUDUSD : [0.0@0.0,200000.0@0.9][][[200000.0, 0.9]]
18:34:08,029 [MarketDataManager] INFO  MarketDataManager  - valid quote received: S1-20141110-183408-027-0699 - AUDUSD : [200000.0@0.8,200000.0@0.9][[200000.0, 0.8]][[200000.0, 0.9]]
19:14:46,164 [main] DEBUG Server  - 
19:14:46,165 [main] DEBUG Server  - >>>> CLOSING DOWN SERVER, PLEASE WAIT FOR ALL COMPONENTS CLEAN SHUTDOWN <<<
19:14:46,165 [main] DEBUG Server  - 
19:14:48,166 [main] INFO  Server  - uninitialising server
19:14:48,166 [main] INFO  AlertManager  - Uninitialising...
19:14:48,168 [main] INFO  UpStreamManager  - uninitialising
19:14:48,170 [main] INFO  TickDataManager  - uninitialising
19:14:48,177 [main] INFO  DownStreamManager  - uninitialising
19:14:48,177 [main] INFO  MarketDataManager  - uninitialising
19:14:48,177 [main] INFO  RefDataManager  - uninitialising
19:14:48,178 [main] INFO  PersistenceManager  - uninitialising
19:14:48,316 [main] INFO  PersistenceManager  - Embedded SQL server stopped
19:14:48,316 [main] DEBUG RemoteEventManager  - Closing transport...
19:14:48,349 [main] INFO  BrokerService  - ActiveMQ Message Broker (localhost, ID:PC-HP-50081-1415615499698-1:1) is shutting down
